[1m============================= test session starts ==============================[0m
platform darwin -- Python 3.13.7, pytest-8.3.4, pluggy-1.5.0 -- /opt/homebrew/opt/python@3.13/bin/python3.13
cachedir: .pytest_cache
rootdir: /Users/fab/GitHub/proximity/e2e_tests
configfile: pytest.ini
plugins: flask-1.3.0, xdist-3.8.0, timeout-2.4.0, anyio-4.8.0, cov-6.2.1, mock-3.14.1, rerunfailures-16.0.1, base-url-2.1.0, playwright-0.7.1, asyncio-1.0.0, Faker-33.3.1, requests-mock-1.12.1
timeout: 300.0s
timeout method: signal
timeout func_only: False
asyncio: mode=Mode.STRICT, asyncio_default_fixture_loop_scope=function, asyncio_default_test_loop_scope=function
[1mcollecting ... [0mcollected 119 items

e2e_tests/test_app_canvas.py::test_open_and_close_canvas_with_button[chromium] 
================================================================================
Starting test: test_open_and_close_canvas_with_button[chromium]
================================================================================

================================================================================
üîê [authenticated_page] Starting INDESTRUCTIBLE authentication setup
================================================================================

üë§ STEP 1: Creating test user via API
   Creating user: testuser_20251011_170752_ndog
   ‚úÖ User created successfully via API (status: 201)

üßπ STEP 2: Clean Slate - Clearing all storage
   ‚úì localStorage cleared
   ‚úì sessionStorage cleared
   ‚úì Page reloaded with clean state

üîë STEP 3: UI Login - Using LoginPage object
   Logging in as: testuser_20251011_170752_ndog

[1m-------------------------------- live log setup --------------------------------[0m
2025-10-11 17:07:52 [[32m    INFO[0m] Logging in as: testuser_20251011_170752_ndog
2025-10-11 17:07:52 [[32m    INFO[0m] Switching to login mode
2025-10-11 17:07:52 [[32m    INFO[0m] Clicking: #loginTab
2025-10-11 17:07:52 [[32m    INFO[0m] Waiting for #loginUsername to be visible
2025-10-11 17:07:52 [[32m    INFO[0m] Filling username: testuser_20251011_170752_ndog
2025-10-11 17:07:52 [[32m    INFO[0m] Filling #loginUsername with: testuser_20251011_17...
2025-10-11 17:07:52 [[32m    INFO[0m] Filling password
2025-10-11 17:07:52 [[32m    INFO[0m] Filling #loginPassword with: Testtog0tp8myet3!...
2025-10-11 17:07:52 [[32m    INFO[0m] Clicking Login submit button
2025-10-11 17:07:52 [[32m    INFO[0m] Clicking: #loginForm button[type='submit']
2025-10-11 17:07:52 [[32m    INFO[0m] Waiting for auth modal to close
2025-10-11 17:07:52 [[32m    INFO[0m] Waiting for #authModal to be hidden
2025-10-11 17:07:53 [[32m    INFO[0m] Login successful - modal closed
   ‚úì Login form submitted

‚úÖ STEP 4: Smart Wait - Waiting for authentication to complete
   ‚ö†Ô∏è  User display not found, trying dashboard container: Locator expected to be visible
Actual value: <element(s) not found> 
Call log:
  - LocatorAssertions.to_be_visible with timeout 15000ms
  -   - waiting for locator(".user-info")

   ‚úÖ Dashboard container visible - authentication confirmed
   ‚úÖ Auth modal hidden - login complete

================================================================================
üéâ AUTHENTICATION COMPLETE - Page ready for testing
================================================================================


================================================================================
üöÄ [LOCAL deployed_app fixture] Starting UI-based deployment
================================================================================
üìù Generated hostname: nginx-canvas-e2e-202510111708-j97wbf
üîß Creating page objects...
‚úÖ Page objects created

üìã STEP 1: Navigate to App Store
2025-10-11 17:08:08 [[32m    INFO[0m] Navigating to App Store
2025-10-11 17:08:08 [[32m    INFO[0m] Clicking: [data-view='catalog']
‚úÖ Successfully navigated to App Store

üìã STEP 2: Wait for catalog to load
2025-10-11 17:08:09 [[32m    INFO[0m] Waiting for catalog to load
2025-10-11 17:08:09 [[32m    INFO[0m] Waiting for #catalogView to be visible
2025-10-11 17:08:09 [[32m    INFO[0m] Waiting for load state: networkidle
‚úÖ Catalog loaded successfully

üìã STEP 3: Click on Nginx app card
2025-10-11 17:08:09 [[32m    INFO[0m] Clicking app card: Nginx
2025-10-11 17:08:09 [[32m    INFO[0m] Finding catalog app card for: Nginx
2025-10-11 17:08:09 [[32m    INFO[0m] Clicked app card: Nginx
‚úÖ Clicked Nginx app card

üìã STEP 4: Wait for deployment modal
2025-10-11 17:08:09 [[32m    INFO[0m] Waiting for deployment modal to be visible
2025-10-11 17:08:09 [[32m    INFO[0m] Deployment modal is visible
‚úÖ Deployment modal visible

üìã STEP 5: Enter hostname: nginx-canvas-e2e-202510111708-j97wbf
2025-10-11 17:08:09 [[32m    INFO[0m] Filling hostname: nginx-canvas-e2e-202510111708-j97wbf
2025-10-11 17:08:09 [[32m    INFO[0m] Hostname filled: nginx-canvas-e2e-202510111708-j97wbf
‚úÖ Hostname entered

üìã STEP 6: Submit deployment
2025-10-11 17:08:09 [[32m    INFO[0m] Clicking deploy button
2025-10-11 17:08:10 [[32m    INFO[0m] Deploy button clicked
‚úÖ Deployment submitted

üìã STEP 7: Wait for deployment success (timeout=180s)
2025-10-11 17:08:10 [[32m    INFO[0m] Waiting for deployment success (timeout: 180000ms)
2025-10-11 17:08:10 [[32m    INFO[0m] Waiting for deployment progress view
2025-10-11 17:08:10 [[32m    INFO[0m] Waiting for #progressSteps to be visible
2025-10-11 17:08:10 [[32m    INFO[0m] Deployment progress view visible
2025-10-11 17:11:10 [[33m WARNING[0m] Success message not found in expected location: Locator expected to be visible
Actual value: <element(s) not found> 
Call log:
  - LocatorAssertions.to_be_visible with timeout 180000ms
  -   - waiting for locator("text=/deployed successfully|deployment.*complete/i")

2025-10-11 17:11:10 [[32m    INFO[0m] Waiting for load state: networkidle
2025-10-11 17:11:10 [[32m    INFO[0m] ‚úÖ Deployment completed (network idle)
‚úÖ Deployment successful!

üìã STEP 8: Close modal
2025-10-11 17:11:10 [[32m    INFO[0m] Attempting to close deployment modal
2025-10-11 17:11:12 [[32m    INFO[0m] ‚úì Modal already closed (auto-close after success)
‚úÖ Modal closed

üìã STEP 9: Navigate to My Apps
2025-10-11 17:11:12 [[32m    INFO[0m] Navigating to My Apps
2025-10-11 17:11:12 [[32m    INFO[0m] Clicking: [data-view='apps']
‚úÖ Navigated to My Apps

üìã STEP 10: Wait for app nginx-canvas-e2e-202510111708-j97wbf to be visible
2025-10-11 17:11:12 [[32m    INFO[0m] Waiting for app to be visible: nginx-canvas-e2e-202510111708-j97wbf
2025-10-11 17:11:12 [[32m    INFO[0m] Finding app card by hostname: nginx-canvas-e2e-202510111708-j97wbf
‚ùå FAILED: App not visible: Locator expected to be visible
Actual value: <element(s) not found> 
Call log:
  - LocatorAssertions.to_be_visible with timeout 30000ms
  -   - waiting for locator(".app-card.deployed:has-text('nginx-canvas-e2e-202510111708-j97wbf')")

[31mERROR[0m
üßπ [authenticated_page] STEP 5: Teardown - Cleaning up session
  ‚úì Session cleared successfully

üßπ [Cleanup] Closing page fixture
  ‚úì Storage cleared
  ‚úì Page closed successfully

üßπ [Cleanup] Closing browser context and all pages
  ‚úì Context closed successfully

================================================================================
Finished test: test_open_and_close_canvas_with_button[chromium]
================================================================================


üõ°Ô∏è  [Safety Net] Final cleanup check
  ‚ö†Ô∏è  Error accessing page: The fixture value for "page" is not available.  This can happen when the fixture has already been torn down.
  ‚ö†Ô∏è  Error accessing context: The fixture value for "context" is not available.  This can happen when the fixture has already been torn down.

e2e_tests/test_app_canvas.py::test_close_canvas_with_escape_key[chromium] 
================================================================================
Starting test: test_close_canvas_with_escape_key[chromium]
================================================================================

================================================================================
üîê [authenticated_page] Starting INDESTRUCTIBLE authentication setup
================================================================================

üë§ STEP 1: Creating test user via API
   Creating user: testuser_20251011_171143_jjzb
   ‚úÖ User created successfully via API (status: 201)

üßπ STEP 2: Clean Slate - Clearing all storage
   ‚úì localStorage cleared
   ‚úì sessionStorage cleared
   ‚úì Page reloaded with clean state

üîë STEP 3: UI Login - Using LoginPage object
   Logging in as: testuser_20251011_171143_jjzb

[1m-------------------------------- live log setup --------------------------------[0m
2025-10-11 17:11:44 [[32m    INFO[0m] Logging in as: testuser_20251011_171143_jjzb
2025-10-11 17:11:44 [[32m    INFO[0m] Switching to login mode
2025-10-11 17:11:44 [[32m    INFO[0m] Clicking: #loginTab
2025-10-11 17:11:44 [[32m    INFO[0m] Waiting for #loginUsername to be visible
2025-10-11 17:11:44 [[32m    INFO[0m] Filling username: testuser_20251011_171143_jjzb
2025-10-11 17:11:44 [[32m    INFO[0m] Filling #loginUsername with: testuser_20251011_17...
2025-10-11 17:11:44 [[32m    INFO[0m] Filling password
2025-10-11 17:11:44 [[32m    INFO[0m] Filling #loginPassword with: Test5qlime6w3dz4!...
2025-10-11 17:11:44 [[32m    INFO[0m] Clicking Login submit button
2025-10-11 17:11:44 [[32m    INFO[0m] Clicking: #loginForm button[type='submit']
2025-10-11 17:11:44 [[32m    INFO[0m] Waiting for auth modal to close
2025-10-11 17:11:44 [[32m    INFO[0m] Waiting for #authModal to be hidden
2025-10-11 17:11:45 [[32m    INFO[0m] Login successful - modal closed
   ‚úì Login form submitted

‚úÖ STEP 4: Smart Wait - Waiting for authentication to complete
   ‚ö†Ô∏è  User display not found, trying dashboard container: Locator expected to be visible
Actual value: <element(s) not found> 
Call log:
  - LocatorAssertions.to_be_visible with timeout 15000ms
  -   - waiting for locator(".user-info")

   ‚úÖ Dashboard container visible - authentication confirmed
   ‚úÖ Auth modal hidden - login complete

================================================================================
üéâ AUTHENTICATION COMPLETE - Page ready for testing
================================================================================


================================================================================
üöÄ [LOCAL deployed_app fixture] Starting UI-based deployment
================================================================================
üìù Generated hostname: nginx-canvas-e2e-202510111712-m2i2t3
üîß Creating page objects...
‚úÖ Page objects created

üìã STEP 1: Navigate to App Store
2025-10-11 17:12:00 [[32m    INFO[0m] Navigating to App Store
2025-10-11 17:12:00 [[32m    INFO[0m] Clicking: [data-view='catalog']
‚úÖ Successfully navigated to App Store

üìã STEP 2: Wait for catalog to load
2025-10-11 17:12:00 [[32m    INFO[0m] Waiting for catalog to load
2025-10-11 17:12:00 [[32m    INFO[0m] Waiting for #catalogView to be visible
2025-10-11 17:12:00 [[32m    INFO[0m] Waiting for load state: networkidle
‚úÖ Catalog loaded successfully

üìã STEP 3: Click on Nginx app card
2025-10-11 17:12:00 [[32m    INFO[0m] Clicking app card: Nginx
2025-10-11 17:12:00 [[32m    INFO[0m] Finding catalog app card for: Nginx
2025-10-11 17:12:00 [[32m    INFO[0m] Clicked app card: Nginx
‚úÖ Clicked Nginx app card

üìã STEP 4: Wait for deployment modal
2025-10-11 17:12:00 [[32m    INFO[0m] Waiting for deployment modal to be visible
2025-10-11 17:12:00 [[32m    INFO[0m] Deployment modal is visible
‚úÖ Deployment modal visible

üìã STEP 5: Enter hostname: nginx-canvas-e2e-202510111712-m2i2t3
2025-10-11 17:12:00 [[32m    INFO[0m] Filling hostname: nginx-canvas-e2e-202510111712-m2i2t3
2025-10-11 17:12:00 [[32m    INFO[0m] Hostname filled: nginx-canvas-e2e-202510111712-m2i2t3
‚úÖ Hostname entered

üìã STEP 6: Submit deployment
2025-10-11 17:12:00 [[32m    INFO[0m] Clicking deploy button
2025-10-11 17:12:01 [[32m    INFO[0m] Deploy button clicked
‚úÖ Deployment submitted

üìã STEP 7: Wait for deployment success (timeout=180s)
2025-10-11 17:12:01 [[32m    INFO[0m] Waiting for deployment success (timeout: 180000ms)
2025-10-11 17:12:01 [[32m    INFO[0m] Waiting for deployment progress view
2025-10-11 17:12:01 [[32m    INFO[0m] Waiting for #progressSteps to be visible
2025-10-11 17:12:01 [[32m    INFO[0m] Deployment progress view visible
2025-10-11 17:15:01 [[33m WARNING[0m] Success message not found in expected location: Locator expected to be visible
Actual value: <element(s) not found> 
Call log:
  - LocatorAssertions.to_be_visible with timeout 180000ms
  -   - waiting for locator("text=/deployed successfully|deployment.*complete/i")

2025-10-11 17:15:01 [[32m    INFO[0m] Waiting for load state: networkidle
2025-10-11 17:15:01 [[32m    INFO[0m] ‚úÖ Deployment completed (network idle)
‚úÖ Deployment successful!

üìã STEP 8: Close modal
2025-10-11 17:15:01 [[32m    INFO[0m] Attempting to close deployment modal
2025-10-11 17:15:02 [[32m    INFO[0m] ‚úì Modal already closed (auto-close after success)
‚úÖ Modal closed

üìã STEP 9: Navigate to My Apps
2025-10-11 17:15:02 [[32m    INFO[0m] Navigating to My Apps
2025-10-11 17:15:02 [[32m    INFO[0m] Clicking: [data-view='apps']
‚ùå FAILED to navigate to My Apps: Locator.click: Target page, context or browser has been closed
[31mERROR[0m
üßπ [authenticated_page] STEP 5: Teardown - Cleaning up session
  ‚ÑπÔ∏è  Page already closed, skipping cleanup

üßπ [Cleanup] Closing page fixture
  ‚ÑπÔ∏è  Page was already closed

üßπ [Cleanup] Closing browser context and all pages
  ‚úì Context closed successfully

================================================================================
Finished test: test_close_canvas_with_escape_key[chromium]
================================================================================


üõ°Ô∏è  [Safety Net] Final cleanup check
  ‚ö†Ô∏è  Error accessing page: The fixture value for "page" is not available.  This can happen when the fixture has already been torn down.
  ‚ö†Ô∏è  Error accessing context: The fixture value for "context" is not available.  This can happen when the fixture has already been torn down.

e2e_tests/test_app_canvas.py::test_close_canvas_by_clicking_outside[chromium] 
================================================================================
Starting test: test_close_canvas_by_clicking_outside[chromium]
================================================================================

================================================================================
üîê [authenticated_page] Starting INDESTRUCTIBLE authentication setup
================================================================================

üë§ STEP 1: Creating test user via API
   Creating user: testuser_20251011_171503_twb9
   ‚úÖ User created successfully via API (status: 201)

üßπ STEP 2: Clean Slate - Clearing all storage
   ‚úì localStorage cleared
   ‚úì sessionStorage cleared
   ‚úì Page reloaded with clean state

üîë STEP 3: UI Login - Using LoginPage object
   Logging in as: testuser_20251011_171503_twb9

[1m-------------------------------- live log setup --------------------------------[0m
2025-10-11 17:15:03 [[32m    INFO[0m] Logging in as: testuser_20251011_171503_twb9
2025-10-11 17:15:03 [[32m    INFO[0m] Switching to login mode
2025-10-11 17:15:03 [[32m    INFO[0m] Clicking: #loginTab
2025-10-11 17:15:04 [[32m    INFO[0m] Waiting for #loginUsername to be visible
2025-10-11 17:15:04 [[32m    INFO[0m] Filling username: testuser_20251011_171503_twb9
2025-10-11 17:15:04 [[32m    INFO[0m] Filling #loginUsername with: testuser_20251011_17...
2025-10-11 17:15:04 [[32m    INFO[0m] Filling password
2025-10-11 17:15:04 [[32m    INFO[0m] Filling #loginPassword with: Testg9ctcpfeopr1!...
2025-10-11 17:15:04 [[32m    INFO[0m] Clicking Login submit button
2025-10-11 17:15:04 [[32m    INFO[0m] Clicking: #loginForm button[type='submit']
2025-10-11 17:15:04 [[32m    INFO[0m] Waiting for auth modal to close
2025-10-11 17:15:04 [[32m    INFO[0m] Waiting for #authModal to be hidden
2025-10-11 17:15:04 [[32m    INFO[0m] Login successful - modal closed
   ‚úì Login form submitted

‚úÖ STEP 4: Smart Wait - Waiting for authentication to complete
   ‚ö†Ô∏è  User display not found, trying dashboard container: Locator expected to be visible
Actual value: <element(s) not found> 
Call log:
  - LocatorAssertions.to_be_visible with timeout 15000ms
  -   - waiting for locator(".user-info")

   ‚úÖ Dashboard container visible - authentication confirmed
   ‚úÖ Auth modal hidden - login complete

================================================================================
üéâ AUTHENTICATION COMPLETE - Page ready for testing
================================================================================


================================================================================
üöÄ [LOCAL deployed_app fixture] Starting UI-based deployment
================================================================================
üìù Generated hostname: nginx-canvas-e2e-202510111715-kpf53a
üîß Creating page objects...
‚úÖ Page objects created

üìã STEP 1: Navigate to App Store
2025-10-11 17:15:20 [[32m    INFO[0m] Navigating to App Store
2025-10-11 17:15:20 [[32m    INFO[0m] Clicking: [data-view='catalog']
‚úÖ Successfully navigated to App Store

üìã STEP 2: Wait for catalog to load
2025-10-11 17:15:20 [[32m    INFO[0m] Waiting for catalog to load
2025-10-11 17:15:20 [[32m    INFO[0m] Waiting for #catalogView to be visible
2025-10-11 17:15:20 [[32m    INFO[0m] Waiting for load state: networkidle
‚úÖ Catalog loaded successfully

üìã STEP 3: Click on Nginx app card
2025-10-11 17:15:20 [[32m    INFO[0m] Clicking app card: Nginx
2025-10-11 17:15:20 [[32m    INFO[0m] Finding catalog app card for: Nginx
2025-10-11 17:15:20 [[32m    INFO[0m] Clicked app card: Nginx
‚úÖ Clicked Nginx app card

üìã STEP 4: Wait for deployment modal
2025-10-11 17:15:20 [[32m    INFO[0m] Waiting for deployment modal to be visible
2025-10-11 17:15:20 [[32m    INFO[0m] Deployment modal is visible
‚úÖ Deployment modal visible

üìã STEP 5: Enter hostname: nginx-canvas-e2e-202510111715-kpf53a
2025-10-11 17:15:20 [[32m    INFO[0m] Filling hostname: nginx-canvas-e2e-202510111715-kpf53a
2025-10-11 17:15:20 [[32m    INFO[0m] Hostname filled: nginx-canvas-e2e-202510111715-kpf53a
‚úÖ Hostname entered

üìã STEP 6: Submit deployment
2025-10-11 17:15:20 [[32m    INFO[0m] Clicking deploy button
2025-10-11 17:15:21 [[32m    INFO[0m] Deploy button clicked
‚úÖ Deployment submitted

üìã STEP 7: Wait for deployment success (timeout=180s)
2025-10-11 17:15:21 [[32m    INFO[0m] Waiting for deployment success (timeout: 180000ms)
2025-10-11 17:15:21 [[32m    INFO[0m] Waiting for deployment progress view
2025-10-11 17:15:21 [[32m    INFO[0m] Waiting for #progressSteps to be visible
2025-10-11 17:15:21 [[32m    INFO[0m] Deployment progress view visible
2025-10-11 17:15:49 [[33m WARNING[0m] Success message not found in expected location: Locator expected to be visible
Actual value: <element(s) not found> 
Call log:
  - LocatorAssertions.to_be_visible with timeout 180000ms
  -   - waiting for locator("text=/deployed successfully|deployment.*complete/i")

2025-10-11 17:15:49 [[32m    INFO[0m] Waiting for load state: networkidle
2025-10-11 17:15:49 [[32m    INFO[0m] ‚úÖ Deployment completed (network idle)
‚úÖ Deployment successful!

üìã STEP 8: Close modal
2025-10-11 17:15:49 [[32m    INFO[0m] Attempting to close deployment modal
2025-10-11 17:15:49 [[33m WARNING[0m] Error while closing modal: LocatorAssertions.to_be_visible: Target page, context or browser has been closed
‚ùå FAILED to close modal: LocatorAssertions.to_be_visible: Target page, context or browser has been closed
[31mERROR[0m
üßπ [authenticated_page] STEP 5: Teardown - Cleaning up session
  ‚ÑπÔ∏è  Page already closed, skipping cleanup

üßπ [Cleanup] Closing page fixture
  ‚ÑπÔ∏è  Page was already closed

üßπ [Cleanup] Closing browser context and all pages
  ‚úì Context closed successfully

================================================================================
Finished test: test_close_canvas_by_clicking_outside[chromium]
================================================================================


üõ°Ô∏è  [Safety Net] Final cleanup check
  ‚ö†Ô∏è  Error accessing page: The fixture value for "page" is not available.  This can happen when the fixture has already been torn down.
  ‚ö†Ô∏è  Error accessing context: The fixture value for "context" is not available.  This can happen when the fixture has already been torn down.

e2e_tests/test_app_canvas.py::test_refresh_canvas[chromium] 
================================================================================
Starting test: test_refresh_canvas[chromium]
================================================================================

================================================================================
üîê [authenticated_page] Starting INDESTRUCTIBLE authentication setup
================================================================================

üë§ STEP 1: Creating test user via API
   Creating user: testuser_20251011_171551_r79f
   ‚úÖ User created successfully via API (status: 201)

üßπ STEP 2: Clean Slate - Clearing all storage
   ‚úì localStorage cleared
   ‚úì sessionStorage cleared
   ‚úì Page reloaded with clean state

üîë STEP 3: UI Login - Using LoginPage object
   Logging in as: testuser_20251011_171551_r79f

[1m-------------------------------- live log setup --------------------------------[0m
2025-10-11 17:15:51 [[32m    INFO[0m] Logging in as: testuser_20251011_171551_r79f
2025-10-11 17:15:51 [[32m    INFO[0m] Switching to login mode
2025-10-11 17:15:51 [[32m    INFO[0m] Clicking: #loginTab
2025-10-11 17:15:52 [[32m    INFO[0m] Waiting for #loginUsername to be visible
2025-10-11 17:15:52 [[32m    INFO[0m] Filling username: testuser_20251011_171551_r79f
2025-10-11 17:15:52 [[32m    INFO[0m] Filling #loginUsername with: testuser_20251011_17...
2025-10-11 17:15:52 [[32m    INFO[0m] Filling password
2025-10-11 17:15:52 [[32m    INFO[0m] Filling #loginPassword with: Test9snx12zi1ph1!...
2025-10-11 17:15:52 [[32m    INFO[0m] Clicking Login submit button
2025-10-11 17:15:52 [[32m    INFO[0m] Clicking: #loginForm button[type='submit']
2025-10-11 17:15:52 [[32m    INFO[0m] Waiting for auth modal to close
2025-10-11 17:15:52 [[32m    INFO[0m] Waiting for #authModal to be hidden
2025-10-11 17:15:52 [[32m    INFO[0m] Login successful - modal closed
   ‚úì Login form submitted

‚úÖ STEP 4: Smart Wait - Waiting for authentication to complete
   ‚ö†Ô∏è  User display not found, trying dashboard container: Locator expected to be visible
Actual value: <element(s) not found> 
Call log:
  - LocatorAssertions.to_be_visible with timeout 15000ms
  -   - waiting for locator(".user-info")

   ‚úÖ Dashboard container visible - authentication confirmed
   ‚úÖ Auth modal hidden - login complete

================================================================================
üéâ AUTHENTICATION COMPLETE - Page ready for testing
================================================================================


================================================================================
üöÄ [LOCAL deployed_app fixture] Starting UI-based deployment
================================================================================
üìù Generated hostname: nginx-canvas-e2e-202510111716-phejn7
üîß Creating page objects...
‚úÖ Page objects created

üìã STEP 1: Navigate to App Store
2025-10-11 17:16:07 [[32m    INFO[0m] Navigating to App Store
2025-10-11 17:16:07 [[32m    INFO[0m] Clicking: [data-view='catalog']
‚úÖ Successfully navigated to App Store

üìã STEP 2: Wait for catalog to load
2025-10-11 17:16:08 [[32m    INFO[0m] Waiting for catalog to load
2025-10-11 17:16:08 [[32m    INFO[0m] Waiting for #catalogView to be visible
2025-10-11 17:16:08 [[32m    INFO[0m] Waiting for load state: networkidle
‚úÖ Catalog loaded successfully

üìã STEP 3: Click on Nginx app card
2025-10-11 17:16:08 [[32m    INFO[0m] Clicking app card: Nginx
2025-10-11 17:16:08 [[32m    INFO[0m] Finding catalog app card for: Nginx
2025-10-11 17:16:08 [[32m    INFO[0m] Clicked app card: Nginx
‚úÖ Clicked Nginx app card

üìã STEP 4: Wait for deployment modal
2025-10-11 17:16:08 [[32m    INFO[0m] Waiting for deployment modal to be visible
2025-10-11 17:16:08 [[32m    INFO[0m] Deployment modal is visible
‚úÖ Deployment modal visible

üìã STEP 5: Enter hostname: nginx-canvas-e2e-202510111716-phejn7
2025-10-11 17:16:08 [[32m    INFO[0m] Filling hostname: nginx-canvas-e2e-202510111716-phejn7
2025-10-11 17:16:08 [[32m    INFO[0m] Hostname filled: nginx-canvas-e2e-202510111716-phejn7
‚úÖ Hostname entered

üìã STEP 6: Submit deployment
2025-10-11 17:16:08 [[32m    INFO[0m] Clicking deploy button
2025-10-11 17:16:09 [[32m    INFO[0m] Deploy button clicked
‚úÖ Deployment submitted

üìã STEP 7: Wait for deployment success (timeout=180s)
2025-10-11 17:16:09 [[32m    INFO[0m] Waiting for deployment success (timeout: 180000ms)
2025-10-11 17:16:09 [[32m    INFO[0m] Waiting for deployment progress view
2025-10-11 17:16:09 [[32m    INFO[0m] Waiting for #progressSteps to be visible
2025-10-11 17:16:09 [[32m    INFO[0m] Deployment progress view visible
2025-10-11 17:16:27 [[33m WARNING[0m] Success message not found in expected location: Locator expected to be visible
Actual value: <element(s) not found> 
Call log:
  - LocatorAssertions.to_be_visible with timeout 180000ms
  -   - waiting for locator("text=/deployed successfully|deployment.*complete/i")

2025-10-11 17:16:27 [[32m    INFO[0m] Waiting for load state: networkidle
2025-10-11 17:16:27 [[32m    INFO[0m] ‚úÖ Deployment completed (network idle)
‚úÖ Deployment successful!

üìã STEP 8: Close modal
2025-10-11 17:16:27 [[32m    INFO[0m] Attempting to close deployment modal
2025-10-11 17:16:27 [[33m WARNING[0m] Error while closing modal: LocatorAssertions.to_be_visible: Target page, context or browser has been closed
‚ùå FAILED to close modal: LocatorAssertions.to_be_visible: Target page, context or browser has been closed
[31mERROR[0m
üßπ [authenticated_page] STEP 5: Teardown - Cleaning up session
  ‚ÑπÔ∏è  Page already closed, skipping cleanup

üßπ [Cleanup] Closing page fixture
  ‚ÑπÔ∏è  Page was already closed

üßπ [Cleanup] Closing browser context and all pages
  ‚úì Context closed successfully

================================================================================
Finished test: test_refresh_canvas[chromium]
================================================================================


üõ°Ô∏è  [Safety Net] Final cleanup check
  ‚ö†Ô∏è  Error accessing page: The fixture value for "page" is not available.  This can happen when the fixture has already been torn down.
  ‚ö†Ô∏è  Error accessing context: The fixture value for "context" is not available.  This can happen when the fixture has already been torn down.

e2e_tests/test_app_canvas.py::test_canvas_displays_correct_app_name[chromium] 
================================================================================
Starting test: test_canvas_displays_correct_app_name[chromium]
================================================================================

================================================================================
üîê [authenticated_page] Starting INDESTRUCTIBLE authentication setup
================================================================================

üë§ STEP 1: Creating test user via API
   Creating user: testuser_20251011_171628_3ej6
   ‚úÖ User created successfully via API (status: 201)

üßπ STEP 2: Clean Slate - Clearing all storage
   ‚úì localStorage cleared
   ‚úì sessionStorage cleared
   ‚úì Page reloaded with clean state

üîë STEP 3: UI Login - Using LoginPage object
   Logging in as: testuser_20251011_171628_3ej6

[1m-------------------------------- live log setup --------------------------------[0m
2025-10-11 17:16:29 [[32m    INFO[0m] Logging in as: testuser_20251011_171628_3ej6
2025-10-11 17:16:29 [[32m    INFO[0m] Switching to login mode
2025-10-11 17:16:29 [[32m    INFO[0m] Clicking: #loginTab
2025-10-11 17:16:29 [[32m    INFO[0m] Waiting for #loginUsername to be visible
2025-10-11 17:16:29 [[32m    INFO[0m] Filling username: testuser_20251011_171628_3ej6
2025-10-11 17:16:29 [[32m    INFO[0m] Filling #loginUsername with: testuser_20251011_17...
2025-10-11 17:16:29 [[32m    INFO[0m] Filling password
2025-10-11 17:16:29 [[32m    INFO[0m] Filling #loginPassword with: Testfy8burs8xiqg!...
2025-10-11 17:16:29 [[32m    INFO[0m] Clicking Login submit button
2025-10-11 17:16:29 [[32m    INFO[0m] Clicking: #loginForm button[type='submit']
2025-10-11 17:16:29 [[32m    INFO[0m] Waiting for auth modal to close
2025-10-11 17:16:29 [[32m    INFO[0m] Waiting for #authModal to be hidden
2025-10-11 17:16:30 [[32m    INFO[0m] Login successful - modal closed
   ‚úì Login form submitted

‚úÖ STEP 4: Smart Wait - Waiting for authentication to complete
   ‚ö†Ô∏è  User display not found, trying dashboard container: Locator expected to be visible
Actual value: <element(s) not found> 
Call log:
  - LocatorAssertions.to_be_visible with timeout 15000ms
  -   - waiting for locator(".user-info")

   ‚úÖ Dashboard container visible - authentication confirmed
   ‚úÖ Auth modal hidden - login complete

================================================================================
üéâ AUTHENTICATION COMPLETE - Page ready for testing
================================================================================


================================================================================
üöÄ [LOCAL deployed_app fixture] Starting UI-based deployment
================================================================================
üìù Generated hostname: nginx-canvas-e2e-202510111716-tulzjm
üîß Creating page objects...
‚úÖ Page objects created

üìã STEP 1: Navigate to App Store
2025-10-11 17:16:45 [[32m    INFO[0m] Navigating to App Store
2025-10-11 17:16:45 [[32m    INFO[0m] Clicking: [data-view='catalog']
‚úÖ Successfully navigated to App Store

üìã STEP 2: Wait for catalog to load
2025-10-11 17:16:45 [[32m    INFO[0m] Waiting for catalog to load
2025-10-11 17:16:45 [[32m    INFO[0m] Waiting for #catalogView to be visible
2025-10-11 17:16:45 [[32m    INFO[0m] Waiting for load state: networkidle
‚úÖ Catalog loaded successfully

üìã STEP 3: Click on Nginx app card
2025-10-11 17:16:45 [[32m    INFO[0m] Clicking app card: Nginx
2025-10-11 17:16:45 [[32m    INFO[0m] Finding catalog app card for: Nginx
2025-10-11 17:16:46 [[32m    INFO[0m] Clicked app card: Nginx
‚úÖ Clicked Nginx app card

üìã STEP 4: Wait for deployment modal
2025-10-11 17:16:46 [[32m    INFO[0m] Waiting for deployment modal to be visible
2025-10-11 17:16:46 [[32m    INFO[0m] Deployment modal is visible
‚úÖ Deployment modal visible

üìã STEP 5: Enter hostname: nginx-canvas-e2e-202510111716-tulzjm
2025-10-11 17:16:46 [[32m    INFO[0m] Filling hostname: nginx-canvas-e2e-202510111716-tulzjm
2025-10-11 17:16:46 [[32m    INFO[0m] Hostname filled: nginx-canvas-e2e-202510111716-tulzjm
‚úÖ Hostname entered

üìã STEP 6: Submit deployment
2025-10-11 17:16:46 [[32m    INFO[0m] Clicking deploy button
2025-10-11 17:16:46 [[32m    INFO[0m] Deploy button clicked
‚úÖ Deployment submitted

üìã STEP 7: Wait for deployment success (timeout=180s)
2025-10-11 17:16:46 [[32m    INFO[0m] Waiting for deployment success (timeout: 180000ms)
2025-10-11 17:16:46 [[32m    INFO[0m] Waiting for deployment progress view
2025-10-11 17:16:46 [[32m    INFO[0m] Waiting for #progressSteps to be visible
2025-10-11 17:16:46 [[32m    INFO[0m] Deployment progress view visible
2025-10-11 17:16:59 [[33m WARNING[0m] Success message not found in expected location: Locator expected to be visible
Actual value: <element(s) not found> 
Call log:
  - LocatorAssertions.to_be_visible with timeout 180000ms
  -   - waiting for locator("text=/deployed successfully|deployment.*complete/i")

2025-10-11 17:16:59 [[32m    INFO[0m] Waiting for load state: networkidle
2025-10-11 17:16:59 [[32m    INFO[0m] ‚úÖ Deployment completed (network idle)
‚úÖ Deployment successful!

üìã STEP 8: Close modal
2025-10-11 17:16:59 [[32m    INFO[0m] Attempting to close deployment modal
2025-10-11 17:16:59 [[33m WARNING[0m] Error while closing modal: LocatorAssertions.to_be_visible: Target page, context or browser has been closed
‚ùå FAILED to close modal: LocatorAssertions.to_be_visible: Target page, context or browser has been closed
[31mERROR[0m
üßπ [authenticated_page] STEP 5: Teardown - Cleaning up session
  ‚ÑπÔ∏è  Page already closed, skipping cleanup

üßπ [Cleanup] Closing page fixture
  ‚ÑπÔ∏è  Page was already closed

üßπ [Cleanup] Closing browser context and all pages
  ‚úì Context closed successfully

================================================================================
Finished test: test_canvas_displays_correct_app_name[chromium]
================================================================================


üõ°Ô∏è  [Safety Net] Final cleanup check
  ‚ö†Ô∏è  Error accessing page: The fixture value for "page" is not available.  This can happen when the fixture has already been torn down.
  ‚ö†Ô∏è  Error accessing context: The fixture value for "context" is not available.  This can happen when the fixture has already been torn down.

e2e_tests/test_app_canvas.py::test_canvas_iframe_loads_content[chromium] 
================================================================================
Starting test: test_canvas_iframe_loads_content[chromium]
================================================================================

================================================================================
üîê [authenticated_page] Starting INDESTRUCTIBLE authentication setup
================================================================================

üë§ STEP 1: Creating test user via API
   Creating user: testuser_20251011_171701_fo9b
   ‚úÖ User created successfully via API (status: 201)

üßπ STEP 2: Clean Slate - Clearing all storage
   ‚úì localStorage cleared
   ‚úì sessionStorage cleared
   ‚úì Page reloaded with clean state

üîë STEP 3: UI Login - Using LoginPage object
   Logging in as: testuser_20251011_171701_fo9b

[1m-------------------------------- live log setup --------------------------------[0m
2025-10-11 17:17:01 [[32m    INFO[0m] Logging in as: testuser_20251011_171701_fo9b
2025-10-11 17:17:01 [[32m    INFO[0m] Switching to login mode
2025-10-11 17:17:01 [[32m    INFO[0m] Clicking: #loginTab
2025-10-11 17:17:02 [[32m    INFO[0m] Waiting for #loginUsername to be visible
2025-10-11 17:17:02 [[32m    INFO[0m] Filling username: testuser_20251011_171701_fo9b
2025-10-11 17:17:02 [[32m    INFO[0m] Filling #loginUsername with: testuser_20251011_17...
2025-10-11 17:17:02 [[32m    INFO[0m] Filling password
2025-10-11 17:17:02 [[32m    INFO[0m] Filling #loginPassword with: Testtza7zezftrso!...
2025-10-11 17:17:02 [[32m    INFO[0m] Clicking Login submit button
2025-10-11 17:17:02 [[32m    INFO[0m] Clicking: #loginForm button[type='submit']
2025-10-11 17:17:02 [[32m    INFO[0m] Waiting for auth modal to close
2025-10-11 17:17:02 [[32m    INFO[0m] Waiting for #authModal to be hidden
2025-10-11 17:17:02 [[32m    INFO[0m] Login successful - modal closed
   ‚úì Login form submitted

‚úÖ STEP 4: Smart Wait - Waiting for authentication to complete
   ‚ö†Ô∏è  User display not found, trying dashboard container: Locator expected to be visible
Actual value: <element(s) not found> 
Call log:
  - LocatorAssertions.to_be_visible with timeout 15000ms
  -   - waiting for locator(".user-info")

   ‚úÖ Dashboard container visible - authentication confirmed
   ‚úÖ Auth modal hidden - login complete

================================================================================
üéâ AUTHENTICATION COMPLETE - Page ready for testing
================================================================================


================================================================================
üöÄ [LOCAL deployed_app fixture] Starting UI-based deployment
================================================================================
üìù Generated hostname: nginx-canvas-e2e-202510111717-zt4cem
üîß Creating page objects...
‚úÖ Page objects created

üìã STEP 1: Navigate to App Store
2025-10-11 17:17:18 [[32m    INFO[0m] Navigating to App Store
2025-10-11 17:17:18 [[32m    INFO[0m] Clicking: [data-view='catalog']
‚úÖ Successfully navigated to App Store

üìã STEP 2: Wait for catalog to load
2025-10-11 17:17:18 [[32m    INFO[0m] Waiting for catalog to load
2025-10-11 17:17:18 [[32m    INFO[0m] Waiting for #catalogView to be visible
2025-10-11 17:17:18 [[32m    INFO[0m] Waiting for load state: networkidle
‚úÖ Catalog loaded successfully

üìã STEP 3: Click on Nginx app card
2025-10-11 17:17:18 [[32m    INFO[0m] Clicking app card: Nginx
2025-10-11 17:17:18 [[32m    INFO[0m] Finding catalog app card for: Nginx
2025-10-11 17:17:18 [[32m    INFO[0m] Clicked app card: Nginx
‚úÖ Clicked Nginx app card

üìã STEP 4: Wait for deployment modal
2025-10-11 17:17:18 [[32m    INFO[0m] Waiting for deployment modal to be visible
2025-10-11 17:17:18 [[32m    INFO[0m] Deployment modal is visible
‚úÖ Deployment modal visible

üìã STEP 5: Enter hostname: nginx-canvas-e2e-202510111717-zt4cem
2025-10-11 17:17:18 [[32m    INFO[0m] Filling hostname: nginx-canvas-e2e-202510111717-zt4cem
2025-10-11 17:17:18 [[32m    INFO[0m] Hostname filled: nginx-canvas-e2e-202510111717-zt4cem
‚úÖ Hostname entered

üìã STEP 6: Submit deployment
2025-10-11 17:17:18 [[32m    INFO[0m] Clicking deploy button
2025-10-11 17:17:19 [[32m    INFO[0m] Deploy button clicked
‚úÖ Deployment submitted

üìã STEP 7: Wait for deployment success (timeout=180s)
2025-10-11 17:17:19 [[32m    INFO[0m] Waiting for deployment success (timeout: 180000ms)
2025-10-11 17:17:19 [[32m    INFO[0m] Waiting for deployment progress view
2025-10-11 17:17:19 [[32m    INFO[0m] Waiting for #progressSteps to be visible
2025-10-11 17:17:19 [[32m    INFO[0m] Deployment progress view visible
2025-10-11 17:17:30 [[33m WARNING[0m] Success message not found in expected location: Locator expected to be visible
Actual value: <element(s) not found> 
Call log:
  - LocatorAssertions.to_be_visible with timeout 180000ms
  -   - waiting for locator("text=/deployed successfully|deployment.*complete/i")

2025-10-11 17:17:30 [[32m    INFO[0m] Waiting for load state: networkidle
2025-10-11 17:17:30 [[32m    INFO[0m] ‚úÖ Deployment completed (network idle)
‚úÖ Deployment successful!

üìã STEP 8: Close modal
2025-10-11 17:17:30 [[32m    INFO[0m] Attempting to close deployment modal
2025-10-11 17:17:30 [[33m WARNING[0m] Error while closing modal: LocatorAssertions.to_be_visible: Target page, context or browser has been closed
‚ùå FAILED to close modal: LocatorAssertions.to_be_visible: Target page, context or browser has been closed
[31mERROR[0m
üßπ [authenticated_page] STEP 5: Teardown - Cleaning up session
  ‚ÑπÔ∏è  Page already closed, skipping cleanup

üßπ [Cleanup] Closing page fixture
  ‚ÑπÔ∏è  Page was already closed

üßπ [Cleanup] Closing browser context and all pages
  ‚úì Context closed successfully

================================================================================
Finished test: test_canvas_iframe_loads_content[chromium]
================================================================================


üõ°Ô∏è  [Safety Net] Final cleanup check
  ‚ö†Ô∏è  Error accessing page: The fixture value for "page" is not available.  This can happen when the fixture has already been torn down.
  ‚ö†Ô∏è  Error accessing context: The fixture value for "context" is not available.  This can happen when the fixture has already been torn down.

e2e_tests/test_app_canvas.py::test_canvas_button_only_visible_for_running_apps[chromium] 
================================================================================
Starting test: test_canvas_button_only_visible_for_running_apps[chromium]
================================================================================

================================================================================
üîê [authenticated_page] Starting INDESTRUCTIBLE authentication setup
================================================================================

üë§ STEP 1: Creating test user via API
   Creating user: testuser_20251011_171731_t122
   ‚úÖ User created successfully via API (status: 201)

üßπ STEP 2: Clean Slate - Clearing all storage
   ‚úì localStorage cleared
   ‚úì sessionStorage cleared
   ‚úì Page reloaded with clean state

üîë STEP 3: UI Login - Using LoginPage object
   Logging in as: testuser_20251011_171731_t122

[1m-------------------------------- live log setup --------------------------------[0m
2025-10-11 17:17:32 [[32m    INFO[0m] Logging in as: testuser_20251011_171731_t122
2025-10-11 17:17:32 [[32m    INFO[0m] Switching to login mode
2025-10-11 17:17:32 [[32m    INFO[0m] Clicking: #loginTab
2025-10-11 17:17:32 [[32m    INFO[0m] Waiting for #loginUsername to be visible
2025-10-11 17:17:32 [[32m    INFO[0m] Filling username: testuser_20251011_171731_t122
2025-10-11 17:17:32 [[32m    INFO[0m] Filling #loginUsername with: testuser_20251011_17...
2025-10-11 17:17:32 [[32m    INFO[0m] Filling password
2025-10-11 17:17:32 [[32m    INFO[0m] Filling #loginPassword with: Testl294es3jllh3!...
2025-10-11 17:17:32 [[32m    INFO[0m] Clicking Login submit button
2025-10-11 17:17:32 [[32m    INFO[0m] Clicking: #loginForm button[type='submit']
2025-10-11 17:17:32 [[32m    INFO[0m] Waiting for auth modal to close
2025-10-11 17:17:32 [[32m    INFO[0m] Waiting for #authModal to be hidden
2025-10-11 17:17:33 [[32m    INFO[0m] Login successful - modal closed
   ‚úì Login form submitted

‚úÖ STEP 4: Smart Wait - Waiting for authentication to complete
   ‚ö†Ô∏è  User display not found, trying dashboard container: Locator expected to be visible
Actual value: <element(s) not found> 
Call log:
  - LocatorAssertions.to_be_visible with timeout 15000ms
  -   - waiting for locator(".user-info")

   ‚úÖ Dashboard container visible - authentication confirmed
   ‚úÖ Auth modal hidden - login complete

================================================================================
üéâ AUTHENTICATION COMPLETE - Page ready for testing
================================================================================


================================================================================
üöÄ [LOCAL deployed_app fixture] Starting UI-based deployment
================================================================================
üìù Generated hostname: nginx-canvas-e2e-202510111717-a2aiuj
üîß Creating page objects...
‚úÖ Page objects created

üìã STEP 1: Navigate to App Store
2025-10-11 17:17:48 [[32m    INFO[0m] Navigating to App Store
2025-10-11 17:17:48 [[32m    INFO[0m] Clicking: [data-view='catalog']
‚úÖ Successfully navigated to App Store

üìã STEP 2: Wait for catalog to load
2025-10-11 17:17:48 [[32m    INFO[0m] Waiting for catalog to load
2025-10-11 17:17:48 [[32m    INFO[0m] Waiting for #catalogView to be visible
2025-10-11 17:17:48 [[32m    INFO[0m] Waiting for load state: networkidle
‚úÖ Catalog loaded successfully

üìã STEP 3: Click on Nginx app card
2025-10-11 17:17:48 [[32m    INFO[0m] Clicking app card: Nginx
2025-10-11 17:17:48 [[32m    INFO[0m] Finding catalog app card for: Nginx
2025-10-11 17:17:49 [[32m    INFO[0m] Clicked app card: Nginx
‚úÖ Clicked Nginx app card

üìã STEP 4: Wait for deployment modal
2025-10-11 17:17:49 [[32m    INFO[0m] Waiting for deployment modal to be visible
2025-10-11 17:17:49 [[32m    INFO[0m] Deployment modal is visible
‚úÖ Deployment modal visible

üìã STEP 5: Enter hostname: nginx-canvas-e2e-202510111717-a2aiuj
2025-10-11 17:17:49 [[32m    INFO[0m] Filling hostname: nginx-canvas-e2e-202510111717-a2aiuj
2025-10-11 17:17:49 [[32m    INFO[0m] Hostname filled: nginx-canvas-e2e-202510111717-a2aiuj
‚úÖ Hostname entered

üìã STEP 6: Submit deployment
2025-10-11 17:17:49 [[32m    INFO[0m] Clicking deploy button
2025-10-11 17:17:49 [[32m    INFO[0m] Deploy button clicked
‚úÖ Deployment submitted

üìã STEP 7: Wait for deployment success (timeout=180s)
2025-10-11 17:17:49 [[32m    INFO[0m] Waiting for deployment success (timeout: 180000ms)
2025-10-11 17:17:49 [[32m    INFO[0m] Waiting for deployment progress view
2025-10-11 17:17:49 [[32m    INFO[0m] Waiting for #progressSteps to be visible
2025-10-11 17:17:49 [[32m    INFO[0m] Deployment progress view visible
2025-10-11 17:17:59 [[33m WARNING[0m] Success message not found in expected location: Locator expected to be visible
Actual value: <element(s) not found> 
Call log:
  - LocatorAssertions.to_be_visible with timeout 180000ms
  -   - waiting for locator("text=/deployed successfully|deployment.*complete/i")

2025-10-11 17:17:59 [[32m    INFO[0m] Waiting for load state: networkidle
2025-10-11 17:17:59 [[32m    INFO[0m] ‚úÖ Deployment completed (network idle)
‚úÖ Deployment successful!

üìã STEP 8: Close modal
2025-10-11 17:17:59 [[32m    INFO[0m] Attempting to close deployment modal
2025-10-11 17:17:59 [[33m WARNING[0m] Error while closing modal: LocatorAssertions.to_be_visible: Target page, context or browser has been closed
‚ùå FAILED to close modal: LocatorAssertions.to_be_visible: Target page, context or browser has been closed
[31mERROR[0m
üßπ [authenticated_page] STEP 5: Teardown - Cleaning up session
  ‚ÑπÔ∏è  Page already closed, skipping cleanup

üßπ [Cleanup] Closing page fixture
  ‚ÑπÔ∏è  Page was already closed

üßπ [Cleanup] Closing browser context and all pages
  ‚úì Context closed successfully

================================================================================
Finished test: test_canvas_button_only_visible_for_running_apps[chromium]
================================================================================


üõ°Ô∏è  [Safety Net] Final cleanup check
  ‚ö†Ô∏è  Error accessing page: The fixture value for "page" is not available.  This can happen when the fixture has already been torn down.
  ‚ö†Ô∏è  Error accessing context: The fixture value for "context" is not available.  This can happen when the fixture has already been torn down.

e2e_tests/test_app_canvas.py::test_canvas_error_handling[chromium] [33mSKIPPED[0m
e2e_tests/test_app_lifecycle.py::test_full_app_deploy_manage_delete_workflow[chromium] 
================================================================================
Starting test: test_full_app_deploy_manage_delete_workflow[chromium]
================================================================================

================================================================================
üîê [authenticated_page] Starting INDESTRUCTIBLE authentication setup
================================================================================

üë§ STEP 1: Creating test user via API
   Creating user: testuser_20251011_171800_wrde
   ‚úÖ User created successfully via API (status: 201)

üßπ STEP 2: Clean Slate - Clearing all storage
   ‚úì localStorage cleared
   ‚úì sessionStorage cleared
   ‚úì Page reloaded with clean state

üîë STEP 3: UI Login - Using LoginPage object
   Logging in as: testuser_20251011_171800_wrde

[1m-------------------------------- live log setup --------------------------------[0m
2025-10-11 17:18:00 [[32m    INFO[0m] Logging in as: testuser_20251011_171800_wrde
2025-10-11 17:18:00 [[32m    INFO[0m] Switching to login mode
2025-10-11 17:18:00 [[32m    INFO[0m] Clicking: #loginTab
2025-10-11 17:18:00 [[32m    INFO[0m] Waiting for #loginUsername to be visible
2025-10-11 17:18:00 [[32m    INFO[0m] Filling username: testuser_20251011_171800_wrde
2025-10-11 17:18:00 [[32m    INFO[0m] Filling #loginUsername with: testuser_20251011_17...
2025-10-11 17:18:01 [[32m    INFO[0m] Filling password
2025-10-11 17:18:01 [[32m    INFO[0m] Filling #loginPassword with: Testkkq3lx94suay!...
2025-10-11 17:18:01 [[32m    INFO[0m] Clicking Login submit button
2025-10-11 17:18:01 [[32m    INFO[0m] Clicking: #loginForm button[type='submit']
2025-10-11 17:18:01 [[32m    INFO[0m] Waiting for auth modal to close
2025-10-11 17:18:01 [[32m    INFO[0m] Waiting for #authModal to be hidden
2025-10-11 17:18:01 [[32m    INFO[0m] Login successful - modal closed
   ‚úì Login form submitted

‚úÖ STEP 4: Smart Wait - Waiting for authentication to complete
   ‚ö†Ô∏è  User display not found, trying dashboard container: Locator expected to be visible
Actual value: <element(s) not found> 
Call log:
  - LocatorAssertions.to_be_visible with timeout 15000ms
  -   - waiting for locator(".user-info")

   ‚úÖ Dashboard container visible - authentication confirmed
   ‚úÖ Auth modal hidden - login complete

================================================================================
üéâ AUTHENTICATION COMPLETE - Page ready for testing
================================================================================


================================================================================
üöÄ CRITICAL E2E TEST: Full Application Lifecycle Workflow
================================================================================

üìã Phase 0: Setup
   ‚úì Generated unique hostname: nginx-e2e-202510111718-sn9gut
   ‚úì Page objects initialized
   ‚úì Base URL: http://127.0.0.1:8765

--------------------------------------------------------------------------------
ÔøΩ Phase 1: Deploy Application
--------------------------------------------------------------------------------

   Step 1.1: Navigate to App Store
[1m-------------------------------- live log call ---------------------------------[0m
2025-10-11 17:18:16 [[32m    INFO[0m] Navigating to App Store
2025-10-11 17:18:16 [[32m    INFO[0m] Clicking: [data-view='catalog']
   ‚úì Navigated to App Store
2025-10-11 17:18:17 [[32m    INFO[0m] Waiting for catalog to load
2025-10-11 17:18:17 [[32m    INFO[0m] Waiting for #catalogView to be visible
2025-10-11 17:18:17 [[32m    INFO[0m] Waiting for load state: networkidle
   ‚úì Catalog loaded

   Step 1.2: Select Nginx application
2025-10-11 17:18:17 [[32m    INFO[0m] Finding catalog app card for: Nginx
   ‚úì Nginx found in catalog
2025-10-11 17:18:17 [[32m    INFO[0m] Clicking app card: Nginx
2025-10-11 17:18:17 [[32m    INFO[0m] Finding catalog app card for: Nginx
2025-10-11 17:18:17 [[32m    INFO[0m] Clicked app card: Nginx
   ‚úì Clicked Nginx app card

   Step 1.3: Configure deployment
2025-10-11 17:18:17 [[32m    INFO[0m] Waiting for deployment modal to be visible
2025-10-11 17:18:17 [[32m    INFO[0m] Deployment modal is visible
   ‚úì Deployment modal opened
   ‚úì Modal title verified
2025-10-11 17:18:17 [[32m    INFO[0m] Filling hostname: nginx-e2e-202510111718-sn9gut
2025-10-11 17:18:17 [[32m    INFO[0m] Hostname filled: nginx-e2e-202510111718-sn9gut
   ‚úì Filled hostname: nginx-e2e-202510111718-sn9gut

   Step 1.4: Submit deployment
2025-10-11 17:18:17 [[32m    INFO[0m] Clicking deploy button
2025-10-11 17:18:18 [[32m    INFO[0m] Deploy button clicked
   ‚úì Deployment submitted

   Step 1.5: Monitor deployment (this may take 3-5 minutes)
   ‚è≥ Waiting for deployment to complete...
   üìã Progress steps:
      - Creating LXC container
      - Starting container
      - Installing Docker
      - Pulling Docker images
      - Starting services
      - Finalizing deployment
2025-10-11 17:18:18 [[32m    INFO[0m] Waiting for deployment success (timeout: 300000ms)
2025-10-11 17:18:18 [[32m    INFO[0m] Waiting for deployment progress view
2025-10-11 17:18:18 [[32m    INFO[0m] Waiting for #progressSteps to be visible
2025-10-11 17:18:18 [[32m    INFO[0m] Deployment progress view visible
2025-10-11 17:23:18 [[33m WARNING[0m] Success message not found in expected location: Locator expected to be visible
Actual value: <element(s) not found> 
Call log:
  - LocatorAssertions.to_be_visible with timeout 300000ms
  -   - waiting for locator("text=/deployed successfully|deployment.*complete/i")

2025-10-11 17:23:18 [[32m    INFO[0m] Waiting for load state: networkidle
2025-10-11 17:23:18 [[32m    INFO[0m] ‚úÖ Deployment completed (network idle)
   ‚úÖ Deployment completed successfully!

--------------------------------------------------------------------------------
‚úÖ Phase 2: Verify Deployment
--------------------------------------------------------------------------------

   Step 2.1: Verify deployment via backend API
   üîç Polling backend API for app: nginx-e2e-202510111718-sn9gut
   ‚è≥ Attempt 1/30: App not found yet, waiting 2s...
   ‚è≥ Attempt 2/30: App not found yet, waiting 2s...
   ‚è≥ Attempt 3/30: App not found yet, waiting 2s...
   ‚è≥ Attempt 4/30: App not found yet, waiting 2s...
   ‚è≥ Attempt 5/30: App not found yet, waiting 2s...
   ‚è≥ Attempt 6/30: App not found yet, waiting 2s...
   ‚è≥ Attempt 7/30: App not found yet, waiting 2s...
   ‚è≥ Attempt 8/30: App not found yet, waiting 2s...
+++++++++++++++++++++++++++++++++++ Timeout ++++++++++++++++++++++++++++++++++++
~~~~~~~~~~~~~~~~~~~ Stack of asyncio-waitpid-0 (6127300608) ~~~~~~~~~~~~~~~~~~~~
  File "/opt/homebrew/Cellar/python@3.13/3.13.7/Frameworks/Python.framework/Versions/3.13/lib/python3.13/threading.py", line 1014, in _bootstrap
    self._bootstrap_inner()
  File "/opt/homebrew/Cellar/python@3.13/3.13.7/Frameworks/Python.framework/Versions/3.13/lib/python3.13/threading.py", line 1043, in _bootstrap_inner
    self.run()
  File "/opt/homebrew/Cellar/python@3.13/3.13.7/Frameworks/Python.framework/Versions/3.13/lib/python3.13/threading.py", line 994, in run
    self._target(*self._args, **self._kwargs)
  File "/opt/homebrew/Cellar/python@3.13/3.13.7/Frameworks/Python.framework/Versions/3.13/lib/python3.13/asyncio/unix_events.py", line 1443, in _do_waitpid
    pid, status = os.waitpid(expected_pid, 0)
~~~~~~~~~~~~~~~~~ Stack of Thread-1 (run_server) (6110474240) ~~~~~~~~~~~~~~~~~~
  File "/opt/homebrew/Cellar/python@3.13/3.13.7/Frameworks/Python.framework/Versions/3.13/lib/python3.13/threading.py", line 1014, in _bootstrap
    self._bootstrap_inner()
  File "/opt/homebrew/Cellar/python@3.13/3.13.7/Frameworks/Python.framework/Versions/3.13/lib/python3.13/threading.py", line 1043, in _bootstrap_inner
    self.run()
  File "/opt/homebrew/Cellar/python@3.13/3.13.7/Frameworks/Python.framework/Versions/3.13/lib/python3.13/threading.py", line 994, in run
    self._target(*self._args, **self._kwargs)
  File "/opt/homebrew/lib/python3.13/site-packages/pytest_rerunfailures.py", line 438, in run_server
    conn, _ = self.sock.accept()
  File "/opt/homebrew/Cellar/python@3.13/3.13.7/Frameworks/Python.framework/Versions/3.13/lib/python3.13/socket.py", line 295, in accept
    fd, addr = self._accept()
+++++++++++++++++++++++++++++++++++ Timeout ++++++++++++++++++++++++++++++++++++
[31mFAILED[0m
üßπ [authenticated_page] STEP 5: Teardown - Cleaning up session
  ‚úì Session cleared successfully

üßπ [Cleanup] Closing page fixture
  ‚úì Storage cleared
  ‚úì Page closed successfully

üßπ [Cleanup] Closing browser context and all pages
  ‚úì Context closed successfully

================================================================================
Finished test: test_full_app_deploy_manage_delete_workflow[chromium]
================================================================================


üõ°Ô∏è  [Safety Net] Final cleanup check
  ‚ö†Ô∏è  Error accessing page: The fixture value for "page" is not available.  This can happen when the fixture has already been torn down.
  ‚ö†Ô∏è  Error accessing context: The fixture value for "context" is not available.  This can happen when the fixture has already been torn down.

e2e_tests/test_app_lifecycle.py::test_app_update_workflow_with_pre_update_backup[chromium] 
================================================================================
Starting test: test_app_update_workflow_with_pre_update_backup[chromium]
================================================================================

================================================================================
üîê [authenticated_page] Starting INDESTRUCTIBLE authentication setup
================================================================================

üë§ STEP 1: Creating test user via API
   Creating user: testuser_20251011_172400_bkfl
   ‚úÖ User created successfully via API (status: 201)

üßπ STEP 2: Clean Slate - Clearing all storage
   ‚úì localStorage cleared
   ‚úì sessionStorage cleared
   ‚úì Page reloaded with clean state

üîë STEP 3: UI Login - Using LoginPage object
   Logging in as: testuser_20251011_172400_bkfl

[1m-------------------------------- live log setup --------------------------------[0m
2025-10-11 17:24:00 [[32m    INFO[0m] Logging in as: testuser_20251011_172400_bkfl
2025-10-11 17:24:00 [[32m    INFO[0m] Switching to login mode
2025-10-11 17:24:00 [[32m    INFO[0m] Clicking: #loginTab
2025-10-11 17:24:01 [[32m    INFO[0m] Waiting for #loginUsername to be visible
2025-10-11 17:24:01 [[32m    INFO[0m] Filling username: testuser_20251011_172400_bkfl
2025-10-11 17:24:01 [[32m    INFO[0m] Filling #loginUsername with: testuser_20251011_17...
2025-10-11 17:24:01 [[32m    INFO[0m] Filling password
2025-10-11 17:24:01 [[32m    INFO[0m] Filling #loginPassword with: Test9i0xj5fuzhl3!...
2025-10-11 17:24:01 [[32m    INFO[0m] Clicking Login submit button
2025-10-11 17:24:01 [[32m    INFO[0m] Clicking: #loginForm button[type='submit']
2025-10-11 17:24:01 [[32m    INFO[0m] Waiting for auth modal to close
2025-10-11 17:24:01 [[32m    INFO[0m] Waiting for #authModal to be hidden
2025-10-11 17:24:01 [[32m    INFO[0m] Login successful - modal closed
   ‚úì Login form submitted

‚úÖ STEP 4: Smart Wait - Waiting for authentication to complete
   ‚ö†Ô∏è  User display not found, trying dashboard container: Locator expected to be visible
Actual value: <element(s) not found> 
Call log:
  - LocatorAssertions.to_be_visible with timeout 15000ms
  -   - waiting for locator(".user-info")

   ‚úÖ Dashboard container visible - authentication confirmed
   ‚úÖ Auth modal hidden - login complete

================================================================================
üéâ AUTHENTICATION COMPLETE - Page ready for testing
================================================================================


================================================================================
üîÑ E2E TEST: Fearless Update Workflow
================================================================================

üì¶ Phase 1: Deploy Application for Update Test
   Generated hostname: nginx-e2e-202510111724-lmd179
[1m-------------------------------- live log call ---------------------------------[0m
2025-10-11 17:24:16 [[32m    INFO[0m] Navigating to App Store
2025-10-11 17:24:16 [[32m    INFO[0m] Clicking: [data-view='catalog']
2025-10-11 17:24:17 [[32m    INFO[0m] Waiting for catalog to load
2025-10-11 17:24:17 [[32m    INFO[0m] Waiting for #catalogView to be visible
2025-10-11 17:24:17 [[32m    INFO[0m] Waiting for load state: networkidle
2025-10-11 17:24:17 [[32m    INFO[0m] Clicking app card: Nginx
2025-10-11 17:24:17 [[32m    INFO[0m] Finding catalog app card for: Nginx
2025-10-11 17:24:17 [[32m    INFO[0m] Clicked app card: Nginx
2025-10-11 17:24:17 [[32m    INFO[0m] Waiting for deployment modal to be visible
2025-10-11 17:24:17 [[32m    INFO[0m] Deployment modal is visible
2025-10-11 17:24:17 [[32m    INFO[0m] Filling hostname: nginx-e2e-202510111724-lmd179
2025-10-11 17:24:17 [[32m    INFO[0m] Hostname filled: nginx-e2e-202510111724-lmd179
2025-10-11 17:24:17 [[32m    INFO[0m] Clicking deploy button
2025-10-11 17:24:18 [[32m    INFO[0m] Deploy button clicked
2025-10-11 17:24:18 [[32m    INFO[0m] Waiting for deployment success (timeout: 300000ms)
2025-10-11 17:24:18 [[32m    INFO[0m] Waiting for deployment progress view
2025-10-11 17:24:18 [[32m    INFO[0m] Waiting for #progressSteps to be visible
2025-10-11 17:24:18 [[32m    INFO[0m] Deployment progress view visible
2025-10-11 17:29:18 [[33m WARNING[0m] Success message not found in expected location: Locator expected to be visible
Actual value: <element(s) not found> 
Call log:
  - LocatorAssertions.to_be_visible with timeout 300000ms
  -   - waiting for locator("text=/deployed successfully|deployment.*complete/i")

2025-10-11 17:29:18 [[32m    INFO[0m] Waiting for load state: networkidle
2025-10-11 17:29:18 [[32m    INFO[0m] ‚úÖ Deployment completed (network idle)
   ‚úÖ App deployed successfully
2025-10-11 17:29:18 [[32m    INFO[0m] Navigating to Dashboard
2025-10-11 17:29:18 [[32m    INFO[0m] Clicking: [data-view='dashboard']
2025-10-11 17:29:18 [[32m    INFO[0m] Waiting for dashboard to load
2025-10-11 17:29:18 [[32m    INFO[0m] Waiting for #dashboardView to be visible
2025-10-11 17:29:18 [[32m    INFO[0m] Waiting for load state: networkidle
2025-10-11 17:29:18 [[32m    INFO[0m] Waiting for dashboard to load
2025-10-11 17:29:18 [[32m    INFO[0m] Waiting for #dashboardView to be visible
2025-10-11 17:29:18 [[32m    INFO[0m] Waiting for load state: networkidle
2025-10-11 17:29:18 [[32m    INFO[0m] Waiting for app nginx-e2e-202510111724-lmd179 to reach status: running
2025-10-11 17:29:18 [[32m    INFO[0m] Finding app card by hostname: nginx-e2e-202510111724-lmd179
[31mFAILED[0m
üßπ [authenticated_page] STEP 5: Teardown - Cleaning up session
  ‚úì Session cleared successfully

üßπ [Cleanup] Closing page fixture
  ‚úì Storage cleared
  ‚úì Page closed successfully

üßπ [Cleanup] Closing browser context and all pages
  ‚úì Context closed successfully

================================================================================
Finished test: test_app_update_workflow_with_pre_update_backup[chromium]
================================================================================


üõ°Ô∏è  [Safety Net] Final cleanup check
  ‚ö†Ô∏è  Error accessing page: The fixture value for "page" is not available.  This can happen when the fixture has already been torn down.
  ‚ö†Ô∏è  Error accessing context: The fixture value for "context" is not available.  This can happen when the fixture has already been torn down.

e2e_tests/test_app_lifecycle.py::test_app_volumes_display[chromium] 
================================================================================
Starting test: test_app_volumes_display[chromium]
================================================================================

================================================================================
üîê [authenticated_page] Starting INDESTRUCTIBLE authentication setup
================================================================================

üë§ STEP 1: Creating test user via API
   Creating user: testuser_20251011_173019_g3ye
   ‚úÖ User created successfully via API (status: 201)

üßπ STEP 2: Clean Slate - Clearing all storage
   ‚úì localStorage cleared
   ‚úì sessionStorage cleared
   ‚úì Page reloaded with clean state

üîë STEP 3: UI Login - Using LoginPage object
   Logging in as: testuser_20251011_173019_g3ye

[1m-------------------------------- live log setup --------------------------------[0m
2025-10-11 17:30:19 [[32m    INFO[0m] Logging in as: testuser_20251011_173019_g3ye
2025-10-11 17:30:19 [[32m    INFO[0m] Switching to login mode
2025-10-11 17:30:19 [[32m    INFO[0m] Clicking: #loginTab
2025-10-11 17:30:20 [[32m    INFO[0m] Waiting for #loginUsername to be visible
2025-10-11 17:30:20 [[32m    INFO[0m] Filling username: testuser_20251011_173019_g3ye
2025-10-11 17:30:20 [[32m    INFO[0m] Filling #loginUsername with: testuser_20251011_17...
2025-10-11 17:30:20 [[32m    INFO[0m] Filling password
2025-10-11 17:30:20 [[32m    INFO[0m] Filling #loginPassword with: Testx1wbmmdp1xfh!...
2025-10-11 17:30:20 [[32m    INFO[0m] Clicking Login submit button
2025-10-11 17:30:20 [[32m    INFO[0m] Clicking: #loginForm button[type='submit']
2025-10-11 17:30:20 [[32m    INFO[0m] Waiting for auth modal to close
2025-10-11 17:30:20 [[32m    INFO[0m] Waiting for #authModal to be hidden
2025-10-11 17:30:21 [[32m    INFO[0m] Login successful - modal closed
   ‚úì Login form submitted

‚úÖ STEP 4: Smart Wait - Waiting for authentication to complete
   ‚ö†Ô∏è  User display not found, trying dashboard container: Locator expected to be visible
Actual value: <element(s) not found> 
Call log:
  - LocatorAssertions.to_be_visible with timeout 15000ms
  -   - waiting for locator(".user-info")

   ‚úÖ Dashboard container visible - authentication confirmed
   ‚úÖ Auth modal hidden - login complete

================================================================================
üéâ AUTHENTICATION COMPLETE - Page ready for testing
================================================================================


================================================================================
üíæ E2E TEST: Transparent Volumes Display
================================================================================

üì¶ Phase 1: Deploy Application with Volumes
   Generated hostname: nginx-e2e-202510111730-xv9wbt
[1m-------------------------------- live log call ---------------------------------[0m
2025-10-11 17:30:36 [[32m    INFO[0m] Navigating to App Store
2025-10-11 17:30:36 [[32m    INFO[0m] Clicking: [data-view='catalog']
2025-10-11 17:30:36 [[32m    INFO[0m] Waiting for catalog to load
2025-10-11 17:30:36 [[32m    INFO[0m] Waiting for #catalogView to be visible
2025-10-11 17:30:36 [[32m    INFO[0m] Waiting for load state: networkidle
2025-10-11 17:30:36 [[32m    INFO[0m] Clicking app card: Nginx
2025-10-11 17:30:36 [[32m    INFO[0m] Finding catalog app card for: Nginx
2025-10-11 17:30:36 [[32m    INFO[0m] Clicked app card: Nginx
2025-10-11 17:30:36 [[32m    INFO[0m] Waiting for deployment modal to be visible
2025-10-11 17:30:36 [[32m    INFO[0m] Deployment modal is visible
2025-10-11 17:30:36 [[32m    INFO[0m] Filling hostname: nginx-e2e-202510111730-xv9wbt
2025-10-11 17:30:36 [[32m    INFO[0m] Hostname filled: nginx-e2e-202510111730-xv9wbt
2025-10-11 17:30:36 [[32m    INFO[0m] Clicking deploy button
2025-10-11 17:30:37 [[32m    INFO[0m] Deploy button clicked
2025-10-11 17:30:37 [[32m    INFO[0m] Waiting for deployment success (timeout: 300000ms)
2025-10-11 17:30:37 [[32m    INFO[0m] Waiting for deployment progress view
2025-10-11 17:30:37 [[32m    INFO[0m] Waiting for #progressSteps to be visible
2025-10-11 17:30:37 [[32m    INFO[0m] Deployment progress view visible
2025-10-11 17:35:37 [[33m WARNING[0m] Success message not found in expected location: Locator expected to be visible
Actual value: <element(s) not found> 
Call log:
  - LocatorAssertions.to_be_visible with timeout 300000ms
  -   - waiting for locator("text=/deployed successfully|deployment.*complete/i")

2025-10-11 17:35:37 [[32m    INFO[0m] Waiting for load state: networkidle
2025-10-11 17:35:37 [[32m    INFO[0m] ‚úÖ Deployment completed (network idle)
   ‚úÖ App deployed
2025-10-11 17:35:37 [[32m    INFO[0m] Navigating to Dashboard
2025-10-11 17:35:37 [[32m    INFO[0m] Clicking: [data-view='dashboard']
2025-10-11 17:35:37 [[32m    INFO[0m] Waiting for dashboard to load
2025-10-11 17:35:37 [[32m    INFO[0m] Waiting for #dashboardView to be visible
2025-10-11 17:35:37 [[32m    INFO[0m] Waiting for load state: networkidle
2025-10-11 17:35:37 [[32m    INFO[0m] Waiting for dashboard to load
2025-10-11 17:35:37 [[32m    INFO[0m] Waiting for #dashboardView to be visible
2025-10-11 17:35:37 [[32m    INFO[0m] Waiting for load state: networkidle
2025-10-11 17:35:37 [[32m    INFO[0m] Waiting for app nginx-e2e-202510111730-xv9wbt to reach status: running
2025-10-11 17:35:37 [[32m    INFO[0m] Finding app card by hostname: nginx-e2e-202510111730-xv9wbt
+++++++++++++++++++++++++++++++++++ Timeout ++++++++++++++++++++++++++++++++++++
~~~~~~~~~~~~~~~~~~~ Stack of asyncio-waitpid-0 (6127300608) ~~~~~~~~~~~~~~~~~~~~
  File "/opt/homebrew/Cellar/python@3.13/3.13.7/Frameworks/Python.framework/Versions/3.13/lib/python3.13/threading.py", line 1014, in _bootstrap
    self._bootstrap_inner()
  File "/opt/homebrew/Cellar/python@3.13/3.13.7/Frameworks/Python.framework/Versions/3.13/lib/python3.13/threading.py", line 1043, in _bootstrap_inner
    self.run()
  File "/opt/homebrew/Cellar/python@3.13/3.13.7/Frameworks/Python.framework/Versions/3.13/lib/python3.13/threading.py", line 994, in run
    self._target(*self._args, **self._kwargs)
  File "/opt/homebrew/Cellar/python@3.13/3.13.7/Frameworks/Python.framework/Versions/3.13/lib/python3.13/asyncio/unix_events.py", line 1443, in _do_waitpid
    pid, status = os.waitpid(expected_pid, 0)
~~~~~~~~~~~~~~~~~ Stack of Thread-1 (run_server) (6110474240) ~~~~~~~~~~~~~~~~~~
  File "/opt/homebrew/Cellar/python@3.13/3.13.7/Frameworks/Python.framework/Versions/3.13/lib/python3.13/threading.py", line 1014, in _bootstrap
    self._bootstrap_inner()
  File "/opt/homebrew/Cellar/python@3.13/3.13.7/Frameworks/Python.framework/Versions/3.13/lib/python3.13/threading.py", line 1043, in _bootstrap_inner
    self.run()
  File "/opt/homebrew/Cellar/python@3.13/3.13.7/Frameworks/Python.framework/Versions/3.13/lib/python3.13/threading.py", line 994, in run
    self._target(*self._args, **self._kwargs)
  File "/opt/homebrew/lib/python3.13/site-packages/pytest_rerunfailures.py", line 438, in run_server
    conn, _ = self.sock.accept()
  File "/opt/homebrew/Cellar/python@3.13/3.13.7/Frameworks/Python.framework/Versions/3.13/lib/python3.13/socket.py", line 295, in accept
    fd, addr = self._accept()
+++++++++++++++++++++++++++++++++++ Timeout ++++++++++++++++++++++++++++++++++++
[31mFAILED[0m