[1m============================= test session starts ==============================[0m
platform darwin -- Python 3.13.7, pytest-8.3.4, pluggy-1.5.0 -- /opt/homebrew/opt/python@3.13/bin/python3.13
cachedir: .pytest_cache
rootdir: /Users/fab/GitHub/proximity/e2e_tests
configfile: pytest.ini
plugins: flask-1.3.0, xdist-3.8.0, timeout-2.4.0, anyio-4.8.0, cov-6.2.1, mock-3.14.1, rerunfailures-16.0.1, base-url-2.1.0, playwright-0.7.1, asyncio-1.0.0, Faker-33.3.1, requests-mock-1.12.1
timeout: 300.0s
timeout method: signal
timeout func_only: False
asyncio: mode=Mode.STRICT, asyncio_default_fixture_loop_scope=function, asyncio_default_test_loop_scope=function
[1mcollecting ... [0mcollected 25 items

e2e_tests/test_settings.py::test_settings_page_loads[chromium] 
================================================================================
Starting test: test_settings_page_loads[chromium]
================================================================================

================================================================================
üîê [authenticated_page] Starting INDESTRUCTIBLE authentication setup
================================================================================

üë§ STEP 1: Creating test user via API
   Creating user: testuser_20251011_131351_akyx
   ‚úÖ User created successfully via API (status: 201)

üßπ STEP 2: Clean Slate - Clearing all storage
   ‚úì localStorage cleared
   ‚úì sessionStorage cleared
   ‚úì Page reloaded with clean state

üîë STEP 3: UI Login - Using LoginPage object
   Logging in as: testuser_20251011_131351_akyx

[1m-------------------------------- live log setup --------------------------------[0m
2025-10-11 13:13:51 [[32m    INFO[0m] Logging in as: testuser_20251011_131351_akyx
2025-10-11 13:13:51 [[32m    INFO[0m] Switching to login mode
2025-10-11 13:13:51 [[32m    INFO[0m] Clicking: #loginTab
2025-10-11 13:13:52 [[32m    INFO[0m] Waiting for #loginUsername to be visible
2025-10-11 13:13:52 [[32m    INFO[0m] Filling username: testuser_20251011_131351_akyx
2025-10-11 13:13:52 [[32m    INFO[0m] Filling #loginUsername with: testuser_20251011_13...
2025-10-11 13:13:52 [[32m    INFO[0m] Filling password
2025-10-11 13:13:52 [[32m    INFO[0m] Filling #loginPassword with: Testn7t96lqlxpdq!...
2025-10-11 13:13:52 [[32m    INFO[0m] Clicking Login submit button
2025-10-11 13:13:52 [[32m    INFO[0m] Clicking: #loginForm button[type='submit']
2025-10-11 13:13:52 [[32m    INFO[0m] Waiting for auth modal to close
2025-10-11 13:13:52 [[32m    INFO[0m] Waiting for #authModal to be hidden
2025-10-11 13:13:52 [[32m    INFO[0m] Login successful - modal closed
   ‚úì Login form submitted

‚úÖ STEP 4: Smart Wait - Waiting for authentication to complete
   ‚ö†Ô∏è  User display not found, trying dashboard container: Locator expected to be visible
Actual value: <element(s) not found> 
Call log:
  - LocatorAssertions.to_be_visible with timeout 15000ms
  -   - waiting for locator(".user-info")

   ‚úÖ Dashboard container visible - authentication confirmed
   ‚úÖ Auth modal hidden - login complete

================================================================================
üéâ AUTHENTICATION COMPLETE - Page ready for testing
================================================================================


‚öôÔ∏è  Testing settings page load
‚úì Settings view loaded
‚úì All tabs present (Proxmox, Network, Resources, System)
‚úì Proxmox tab active by default
[32mPASSED[0m
üßπ [authenticated_page] STEP 5: Teardown - Cleaning up session
  ‚úì Session cleared successfully

üßπ [Cleanup] Closing page fixture
  ‚úì Storage cleared
  ‚úì Page closed successfully

üßπ [Cleanup] Closing browser context and all pages
  ‚úì Context closed successfully

================================================================================
Finished test: test_settings_page_loads[chromium]
================================================================================


üõ°Ô∏è  [Safety Net] Final cleanup check
  ‚ö†Ô∏è  Error accessing page: The fixture value for "page" is not available.  This can happen when the fixture has already been torn down.
  ‚ö†Ô∏è  Error accessing context: The fixture value for "context" is not available.  This can happen when the fixture has already been torn down.

e2e_tests/test_settings.py::test_settings_tab_navigation[chromium] 
================================================================================
Starting test: test_settings_tab_navigation[chromium]
================================================================================

================================================================================
üîê [authenticated_page] Starting INDESTRUCTIBLE authentication setup
================================================================================

üë§ STEP 1: Creating test user via API
   Creating user: testuser_20251011_131409_zin6
   ‚úÖ User created successfully via API (status: 201)

üßπ STEP 2: Clean Slate - Clearing all storage
   ‚úì localStorage cleared
   ‚úì sessionStorage cleared
   ‚úì Page reloaded with clean state

üîë STEP 3: UI Login - Using LoginPage object
   Logging in as: testuser_20251011_131409_zin6

[1m-------------------------------- live log setup --------------------------------[0m
2025-10-11 13:14:09 [[32m    INFO[0m] Logging in as: testuser_20251011_131409_zin6
2025-10-11 13:14:09 [[32m    INFO[0m] Switching to login mode
2025-10-11 13:14:09 [[32m    INFO[0m] Clicking: #loginTab
2025-10-11 13:14:09 [[32m    INFO[0m] Waiting for #loginUsername to be visible
2025-10-11 13:14:09 [[32m    INFO[0m] Filling username: testuser_20251011_131409_zin6
2025-10-11 13:14:09 [[32m    INFO[0m] Filling #loginUsername with: testuser_20251011_13...
2025-10-11 13:14:09 [[32m    INFO[0m] Filling password
2025-10-11 13:14:09 [[32m    INFO[0m] Filling #loginPassword with: Testwmg3nhm4s7mw!...
2025-10-11 13:14:10 [[32m    INFO[0m] Clicking Login submit button
2025-10-11 13:14:10 [[32m    INFO[0m] Clicking: #loginForm button[type='submit']
2025-10-11 13:14:10 [[32m    INFO[0m] Waiting for auth modal to close
2025-10-11 13:14:10 [[32m    INFO[0m] Waiting for #authModal to be hidden
2025-10-11 13:14:10 [[32m    INFO[0m] Login successful - modal closed
   ‚úì Login form submitted

‚úÖ STEP 4: Smart Wait - Waiting for authentication to complete
   ‚ö†Ô∏è  User display not found, trying dashboard container: Locator expected to be visible
Actual value: <element(s) not found> 
Call log:
  - LocatorAssertions.to_be_visible with timeout 15000ms
  -   - waiting for locator(".user-info")

   ‚úÖ Dashboard container visible - authentication confirmed
   ‚úÖ Auth modal hidden - login complete

================================================================================
üéâ AUTHENTICATION COMPLETE - Page ready for testing
================================================================================


üîÄ Testing settings tab navigation
‚úì Starting on Proxmox tab
‚úì Switched to Network tab
‚úì Switched to Resources tab
‚úì Switched to System tab
‚úì Navigation cycle complete
[32mPASSED[0m
üßπ [authenticated_page] STEP 5: Teardown - Cleaning up session
  ‚úì Session cleared successfully

üßπ [Cleanup] Closing page fixture
  ‚úì Storage cleared
  ‚úì Page closed successfully

üßπ [Cleanup] Closing browser context and all pages
  ‚úì Context closed successfully

================================================================================
Finished test: test_settings_tab_navigation[chromium]
================================================================================


üõ°Ô∏è  [Safety Net] Final cleanup check
  ‚ö†Ô∏è  Error accessing page: The fixture value for "page" is not available.  This can happen when the fixture has already been torn down.
  ‚ö†Ô∏è  Error accessing context: The fixture value for "context" is not available.  This can happen when the fixture has already been torn down.

e2e_tests/test_settings.py::test_proxmox_settings_form[chromium] 
================================================================================
Starting test: test_proxmox_settings_form[chromium]
================================================================================

================================================================================
üîê [authenticated_page] Starting INDESTRUCTIBLE authentication setup
================================================================================

üë§ STEP 1: Creating test user via API
   Creating user: testuser_20251011_131429_pgho
   ‚úÖ User created successfully via API (status: 201)

üßπ STEP 2: Clean Slate - Clearing all storage
   ‚úì localStorage cleared
   ‚úì sessionStorage cleared
   ‚úì Page reloaded with clean state

üîë STEP 3: UI Login - Using LoginPage object
   Logging in as: testuser_20251011_131429_pgho

[1m-------------------------------- live log setup --------------------------------[0m
2025-10-11 13:14:29 [[32m    INFO[0m] Logging in as: testuser_20251011_131429_pgho
2025-10-11 13:14:29 [[32m    INFO[0m] Switching to login mode
2025-10-11 13:14:29 [[32m    INFO[0m] Clicking: #loginTab
2025-10-11 13:14:30 [[32m    INFO[0m] Waiting for #loginUsername to be visible
2025-10-11 13:14:30 [[32m    INFO[0m] Filling username: testuser_20251011_131429_pgho
2025-10-11 13:14:30 [[32m    INFO[0m] Filling #loginUsername with: testuser_20251011_13...
2025-10-11 13:14:30 [[32m    INFO[0m] Filling password
2025-10-11 13:14:30 [[32m    INFO[0m] Filling #loginPassword with: Test4eqcffweok0c!...
2025-10-11 13:14:30 [[32m    INFO[0m] Clicking Login submit button
2025-10-11 13:14:30 [[32m    INFO[0m] Clicking: #loginForm button[type='submit']
2025-10-11 13:14:30 [[32m    INFO[0m] Waiting for auth modal to close
2025-10-11 13:14:30 [[32m    INFO[0m] Waiting for #authModal to be hidden
2025-10-11 13:14:31 [[32m    INFO[0m] Login successful - modal closed
   ‚úì Login form submitted

‚úÖ STEP 4: Smart Wait - Waiting for authentication to complete
   ‚ö†Ô∏è  User display not found, trying dashboard container: Locator expected to be visible
Actual value: <element(s) not found> 
Call log:
  - LocatorAssertions.to_be_visible with timeout 15000ms
  -   - waiting for locator(".user-info")

   ‚úÖ Dashboard container visible - authentication confirmed
   ‚úÖ Auth modal hidden - login complete

================================================================================
üéâ AUTHENTICATION COMPLETE - Page ready for testing
================================================================================


üñ•Ô∏è  Testing Proxmox settings form
‚úì Proxmox form found
‚úì Form input fields present
‚úì Test Connection button found
‚úì Save Settings button found
[32mPASSED[0m
üßπ [authenticated_page] STEP 5: Teardown - Cleaning up session
  ‚úì Session cleared successfully

üßπ [Cleanup] Closing page fixture
  ‚úì Storage cleared
  ‚úì Page closed successfully

üßπ [Cleanup] Closing browser context and all pages
  ‚úì Context closed successfully

================================================================================
Finished test: test_proxmox_settings_form[chromium]
================================================================================


üõ°Ô∏è  [Safety Net] Final cleanup check
  ‚ö†Ô∏è  Error accessing page: The fixture value for "page" is not available.  This can happen when the fixture has already been torn down.
  ‚ö†Ô∏è  Error accessing context: The fixture value for "context" is not available.  This can happen when the fixture has already been torn down.

e2e_tests/test_settings.py::test_proxmox_test_connection[chromium] 
================================================================================
Starting test: test_proxmox_test_connection[chromium]
================================================================================

================================================================================
üîê [authenticated_page] Starting INDESTRUCTIBLE authentication setup
================================================================================

üë§ STEP 1: Creating test user via API
   Creating user: testuser_20251011_131448_mkrw
   ‚úÖ User created successfully via API (status: 201)

üßπ STEP 2: Clean Slate - Clearing all storage
   ‚úì localStorage cleared
   ‚úì sessionStorage cleared
   ‚úì Page reloaded with clean state

üîë STEP 3: UI Login - Using LoginPage object
   Logging in as: testuser_20251011_131448_mkrw

[1m-------------------------------- live log setup --------------------------------[0m
2025-10-11 13:14:49 [[32m    INFO[0m] Logging in as: testuser_20251011_131448_mkrw
2025-10-11 13:14:49 [[32m    INFO[0m] Switching to login mode
2025-10-11 13:14:49 [[32m    INFO[0m] Clicking: #loginTab
2025-10-11 13:14:49 [[32m    INFO[0m] Waiting for #loginUsername to be visible
2025-10-11 13:14:49 [[32m    INFO[0m] Filling username: testuser_20251011_131448_mkrw
2025-10-11 13:14:49 [[32m    INFO[0m] Filling #loginUsername with: testuser_20251011_13...
2025-10-11 13:14:49 [[32m    INFO[0m] Filling password
2025-10-11 13:14:49 [[32m    INFO[0m] Filling #loginPassword with: Testp0jyjb32tszs!...
2025-10-11 13:14:49 [[32m    INFO[0m] Clicking Login submit button
2025-10-11 13:14:49 [[32m    INFO[0m] Clicking: #loginForm button[type='submit']
2025-10-11 13:14:49 [[32m    INFO[0m] Waiting for auth modal to close
2025-10-11 13:14:49 [[32m    INFO[0m] Waiting for #authModal to be hidden
2025-10-11 13:14:50 [[32m    INFO[0m] Login successful - modal closed
   ‚úì Login form submitted

‚úÖ STEP 4: Smart Wait - Waiting for authentication to complete
   ‚ö†Ô∏è  User display not found, trying dashboard container: Locator expected to be visible
Actual value: <element(s) not found> 
Call log:
  - LocatorAssertions.to_be_visible with timeout 15000ms
  -   - waiting for locator(".user-info")

   ‚úÖ Dashboard container visible - authentication confirmed
   ‚úÖ Auth modal hidden - login complete

================================================================================
üéâ AUTHENTICATION COMPLETE - Page ready for testing
================================================================================


üîå Testing Proxmox connection test
‚úì Test Connection button clicked
‚ö†Ô∏è  No status message appeared (may be expected)
[32mPASSED[0m
üßπ [authenticated_page] STEP 5: Teardown - Cleaning up session
  ‚úì Session cleared successfully

üßπ [Cleanup] Closing page fixture
  ‚úì Storage cleared
  ‚úì Page closed successfully

üßπ [Cleanup] Closing browser context and all pages
  ‚úì Context closed successfully

================================================================================
Finished test: test_proxmox_test_connection[chromium]
================================================================================


üõ°Ô∏è  [Safety Net] Final cleanup check
  ‚ö†Ô∏è  Error accessing page: The fixture value for "page" is not available.  This can happen when the fixture has already been torn down.
  ‚ö†Ô∏è  Error accessing context: The fixture value for "context" is not available.  This can happen when the fixture has already been torn down.

e2e_tests/test_settings.py::test_network_settings_form[chromium] 
================================================================================
Starting test: test_network_settings_form[chromium]
================================================================================

================================================================================
üîê [authenticated_page] Starting INDESTRUCTIBLE authentication setup
================================================================================

üë§ STEP 1: Creating test user via API
   Creating user: testuser_20251011_131510_hace
   ‚úÖ User created successfully via API (status: 201)

üßπ STEP 2: Clean Slate - Clearing all storage
   ‚úì localStorage cleared
   ‚úì sessionStorage cleared
   ‚úì Page reloaded with clean state

üîë STEP 3: UI Login - Using LoginPage object
   Logging in as: testuser_20251011_131510_hace

[1m-------------------------------- live log setup --------------------------------[0m
2025-10-11 13:15:11 [[32m    INFO[0m] Logging in as: testuser_20251011_131510_hace
2025-10-11 13:15:11 [[32m    INFO[0m] Switching to login mode
2025-10-11 13:15:11 [[32m    INFO[0m] Clicking: #loginTab
2025-10-11 13:15:11 [[32m    INFO[0m] Waiting for #loginUsername to be visible
2025-10-11 13:15:11 [[32m    INFO[0m] Filling username: testuser_20251011_131510_hace
2025-10-11 13:15:11 [[32m    INFO[0m] Filling #loginUsername with: testuser_20251011_13...
2025-10-11 13:15:11 [[32m    INFO[0m] Filling password
2025-10-11 13:15:11 [[32m    INFO[0m] Filling #loginPassword with: Testhv40iy9udtc9!...
2025-10-11 13:15:11 [[32m    INFO[0m] Clicking Login submit button
2025-10-11 13:15:11 [[32m    INFO[0m] Clicking: #loginForm button[type='submit']
2025-10-11 13:15:11 [[32m    INFO[0m] Waiting for auth modal to close
2025-10-11 13:15:11 [[32m    INFO[0m] Waiting for #authModal to be hidden
2025-10-11 13:15:12 [[32m    INFO[0m] Login successful - modal closed
   ‚úì Login form submitted

‚úÖ STEP 4: Smart Wait - Waiting for authentication to complete
   ‚ö†Ô∏è  User display not found, trying dashboard container: Locator expected to be visible
Actual value: <element(s) not found> 
Call log:
  - LocatorAssertions.to_be_visible with timeout 15000ms
  -   - waiting for locator(".user-info")

   ‚úÖ Dashboard container visible - authentication confirmed
   ‚úÖ Auth modal hidden - login complete

================================================================================
üéâ AUTHENTICATION COMPLETE - Page ready for testing
================================================================================


üåê Testing Network settings form
‚úì Network form found
‚úì Network form has input fields
‚úì Save button found
[32mPASSED[0m
üßπ [authenticated_page] STEP 5: Teardown - Cleaning up session
  ‚úì Session cleared successfully

üßπ [Cleanup] Closing page fixture
  ‚úì Storage cleared
  ‚úì Page closed successfully

üßπ [Cleanup] Closing browser context and all pages
  ‚úì Context closed successfully

================================================================================
Finished test: test_network_settings_form[chromium]
================================================================================


üõ°Ô∏è  [Safety Net] Final cleanup check
  ‚ö†Ô∏è  Error accessing page: The fixture value for "page" is not available.  This can happen when the fixture has already been torn down.
  ‚ö†Ô∏è  Error accessing context: The fixture value for "context" is not available.  This can happen when the fixture has already been torn down.

e2e_tests/test_settings.py::test_resources_settings_form[chromium] 
================================================================================
Starting test: test_resources_settings_form[chromium]
================================================================================

================================================================================
üîê [authenticated_page] Starting INDESTRUCTIBLE authentication setup
================================================================================

üë§ STEP 1: Creating test user via API
   Creating user: testuser_20251011_131530_ot6r
   ‚úÖ User created successfully via API (status: 201)

üßπ STEP 2: Clean Slate - Clearing all storage
   ‚úì localStorage cleared
   ‚úì sessionStorage cleared
   ‚úì Page reloaded with clean state

üîë STEP 3: UI Login - Using LoginPage object
   Logging in as: testuser_20251011_131530_ot6r

[1m-------------------------------- live log setup --------------------------------[0m
2025-10-11 13:15:30 [[32m    INFO[0m] Logging in as: testuser_20251011_131530_ot6r
2025-10-11 13:15:30 [[32m    INFO[0m] Switching to login mode
2025-10-11 13:15:30 [[32m    INFO[0m] Clicking: #loginTab
2025-10-11 13:15:30 [[32m    INFO[0m] Waiting for #loginUsername to be visible
2025-10-11 13:15:30 [[32m    INFO[0m] Filling username: testuser_20251011_131530_ot6r
2025-10-11 13:15:30 [[32m    INFO[0m] Filling #loginUsername with: testuser_20251011_13...
2025-10-11 13:15:30 [[32m    INFO[0m] Filling password
2025-10-11 13:15:30 [[32m    INFO[0m] Filling #loginPassword with: Test2s1lxzdw1xjw!...
2025-10-11 13:15:30 [[32m    INFO[0m] Clicking Login submit button
2025-10-11 13:15:30 [[32m    INFO[0m] Clicking: #loginForm button[type='submit']
2025-10-11 13:15:30 [[32m    INFO[0m] Waiting for auth modal to close
2025-10-11 13:15:30 [[32m    INFO[0m] Waiting for #authModal to be hidden
2025-10-11 13:15:31 [[32m    INFO[0m] Login successful - modal closed
   ‚úì Login form submitted

‚úÖ STEP 4: Smart Wait - Waiting for authentication to complete
   ‚ö†Ô∏è  User display not found, trying dashboard container: Locator expected to be visible
Actual value: <element(s) not found> 
Call log:
  - LocatorAssertions.to_be_visible with timeout 15000ms
  -   - waiting for locator(".user-info")

   ‚úÖ Dashboard container visible - authentication confirmed
   ‚úÖ Auth modal hidden - login complete

================================================================================
üéâ AUTHENTICATION COMPLETE - Page ready for testing
================================================================================


üíª Testing Resources settings form
‚úì Resources form found
‚úì Resources form has input fields
‚úì Save button found
[32mPASSED[0m
üßπ [authenticated_page] STEP 5: Teardown - Cleaning up session
  ‚úì Session cleared successfully

üßπ [Cleanup] Closing page fixture
  ‚úì Storage cleared
  ‚úì Page closed successfully

üßπ [Cleanup] Closing browser context and all pages
  ‚úì Context closed successfully

================================================================================
Finished test: test_resources_settings_form[chromium]
================================================================================


üõ°Ô∏è  [Safety Net] Final cleanup check
  ‚ö†Ô∏è  Error accessing page: The fixture value for "page" is not available.  This can happen when the fixture has already been torn down.
  ‚ö†Ô∏è  Error accessing context: The fixture value for "context" is not available.  This can happen when the fixture has already been torn down.

e2e_tests/test_settings.py::test_system_settings_panel[chromium] 
================================================================================
Starting test: test_system_settings_panel[chromium]
================================================================================

================================================================================
üîê [authenticated_page] Starting INDESTRUCTIBLE authentication setup
================================================================================

üë§ STEP 1: Creating test user via API
   Creating user: testuser_20251011_131548_dw0u
   ‚úÖ User created successfully via API (status: 201)

üßπ STEP 2: Clean Slate - Clearing all storage
   ‚úì localStorage cleared
   ‚úì sessionStorage cleared
   ‚úì Page reloaded with clean state

üîë STEP 3: UI Login - Using LoginPage object
   Logging in as: testuser_20251011_131548_dw0u

[1m-------------------------------- live log setup --------------------------------[0m
2025-10-11 13:15:49 [[32m    INFO[0m] Logging in as: testuser_20251011_131548_dw0u
2025-10-11 13:15:49 [[32m    INFO[0m] Switching to login mode
2025-10-11 13:15:49 [[32m    INFO[0m] Clicking: #loginTab
2025-10-11 13:15:49 [[32m    INFO[0m] Waiting for #loginUsername to be visible
2025-10-11 13:15:49 [[32m    INFO[0m] Filling username: testuser_20251011_131548_dw0u
2025-10-11 13:15:49 [[32m    INFO[0m] Filling #loginUsername with: testuser_20251011_13...
2025-10-11 13:15:49 [[32m    INFO[0m] Filling password
2025-10-11 13:15:49 [[32m    INFO[0m] Filling #loginPassword with: Testcg2uvx5smmsy!...
2025-10-11 13:15:49 [[32m    INFO[0m] Clicking Login submit button
2025-10-11 13:15:49 [[32m    INFO[0m] Clicking: #loginForm button[type='submit']
2025-10-11 13:15:49 [[32m    INFO[0m] Waiting for auth modal to close
2025-10-11 13:15:49 [[32m    INFO[0m] Waiting for #authModal to be hidden
2025-10-11 13:15:50 [[32m    INFO[0m] Login successful - modal closed
   ‚úì Login form submitted

‚úÖ STEP 4: Smart Wait - Waiting for authentication to complete
   ‚ö†Ô∏è  User display not found, trying dashboard container: Locator expected to be visible
Actual value: <element(s) not found> 
Call log:
  - LocatorAssertions.to_be_visible with timeout 15000ms
  -   - waiting for locator(".user-info")

   ‚úÖ Dashboard container visible - authentication confirmed
   ‚úÖ Auth modal hidden - login complete

================================================================================
üéâ AUTHENTICATION COMPLETE - Page ready for testing
================================================================================


üîß Testing System settings panel
‚úì System panel found
‚úì System panel has content
[32mPASSED[0m
üßπ [authenticated_page] STEP 5: Teardown - Cleaning up session
  ‚úì Session cleared successfully

üßπ [Cleanup] Closing page fixture
  ‚úì Storage cleared
  ‚úì Page closed successfully

üßπ [Cleanup] Closing browser context and all pages
  ‚úì Context closed successfully

================================================================================
Finished test: test_system_settings_panel[chromium]
================================================================================


üõ°Ô∏è  [Safety Net] Final cleanup check
  ‚ö†Ô∏è  Error accessing page: The fixture value for "page" is not available.  This can happen when the fixture has already been torn down.
  ‚ö†Ô∏è  Error accessing context: The fixture value for "context" is not available.  This can happen when the fixture has already been torn down.

e2e_tests/test_settings.py::test_save_proxmox_settings[chromium] [33mSKIPPED[0m
e2e_tests/test_settings.py::test_settings_keyboard_navigation[chromium] 
================================================================================
Starting test: test_settings_keyboard_navigation[chromium]
================================================================================

================================================================================
üîê [authenticated_page] Starting INDESTRUCTIBLE authentication setup
================================================================================

üë§ STEP 1: Creating test user via API
   Creating user: testuser_20251011_131607_eqog
   ‚úÖ User created successfully via API (status: 201)

üßπ STEP 2: Clean Slate - Clearing all storage
   ‚úì localStorage cleared
   ‚úì sessionStorage cleared
   ‚úì Page reloaded with clean state

üîë STEP 3: UI Login - Using LoginPage object
   Logging in as: testuser_20251011_131607_eqog

[1m-------------------------------- live log setup --------------------------------[0m
2025-10-11 13:16:07 [[32m    INFO[0m] Logging in as: testuser_20251011_131607_eqog
2025-10-11 13:16:07 [[32m    INFO[0m] Switching to login mode
2025-10-11 13:16:07 [[32m    INFO[0m] Clicking: #loginTab
2025-10-11 13:16:08 [[32m    INFO[0m] Waiting for #loginUsername to be visible
2025-10-11 13:16:08 [[32m    INFO[0m] Filling username: testuser_20251011_131607_eqog
2025-10-11 13:16:08 [[32m    INFO[0m] Filling #loginUsername with: testuser_20251011_13...
2025-10-11 13:16:08 [[32m    INFO[0m] Filling password
2025-10-11 13:16:08 [[32m    INFO[0m] Filling #loginPassword with: Testkwb5lt9bn0ul!...
2025-10-11 13:16:08 [[32m    INFO[0m] Clicking Login submit button
2025-10-11 13:16:08 [[32m    INFO[0m] Clicking: #loginForm button[type='submit']
2025-10-11 13:16:08 [[32m    INFO[0m] Waiting for auth modal to close
2025-10-11 13:16:08 [[32m    INFO[0m] Waiting for #authModal to be hidden
2025-10-11 13:16:09 [[32m    INFO[0m] Login successful - modal closed
   ‚úì Login form submitted

‚úÖ STEP 4: Smart Wait - Waiting for authentication to complete
   ‚ö†Ô∏è  User display not found, trying dashboard container: Locator expected to be visible
Actual value: <element(s) not found> 
Call log:
  - LocatorAssertions.to_be_visible with timeout 15000ms
  -   - waiting for locator(".user-info")

   ‚úÖ Dashboard container visible - authentication confirmed
   ‚úÖ Auth modal hidden - login complete

================================================================================
üéâ AUTHENTICATION COMPLETE - Page ready for testing
================================================================================


‚å®Ô∏è  Testing keyboard navigation
‚úì Keyboard navigation works (focused: INPUT)
[32mPASSED[0m
üßπ [authenticated_page] STEP 5: Teardown - Cleaning up session
  ‚úì Session cleared successfully

üßπ [Cleanup] Closing page fixture
  ‚úì Storage cleared
  ‚úì Page closed successfully

üßπ [Cleanup] Closing browser context and all pages
  ‚úì Context closed successfully

================================================================================
Finished test: test_settings_keyboard_navigation[chromium]
================================================================================


üõ°Ô∏è  [Safety Net] Final cleanup check
  ‚ö†Ô∏è  Error accessing page: The fixture value for "page" is not available.  This can happen when the fixture has already been torn down.
  ‚ö†Ô∏è  Error accessing context: The fixture value for "context" is not available.  This can happen when the fixture has already been torn down.

e2e_tests/test_settings.py::test_settings_form_validation[chromium] 
================================================================================
Starting test: test_settings_form_validation[chromium]
================================================================================

================================================================================
üîê [authenticated_page] Starting INDESTRUCTIBLE authentication setup
================================================================================

üë§ STEP 1: Creating test user via API
   Creating user: testuser_20251011_131625_35el
   ‚úÖ User created successfully via API (status: 201)

üßπ STEP 2: Clean Slate - Clearing all storage
   ‚úì localStorage cleared
   ‚úì sessionStorage cleared
   ‚úì Page reloaded with clean state

üîë STEP 3: UI Login - Using LoginPage object
   Logging in as: testuser_20251011_131625_35el

[1m-------------------------------- live log setup --------------------------------[0m
2025-10-11 13:16:26 [[32m    INFO[0m] Logging in as: testuser_20251011_131625_35el
2025-10-11 13:16:26 [[32m    INFO[0m] Switching to login mode
2025-10-11 13:16:26 [[32m    INFO[0m] Clicking: #loginTab
2025-10-11 13:16:26 [[32m    INFO[0m] Waiting for #loginUsername to be visible
2025-10-11 13:16:26 [[32m    INFO[0m] Filling username: testuser_20251011_131625_35el
2025-10-11 13:16:26 [[32m    INFO[0m] Filling #loginUsername with: testuser_20251011_13...
2025-10-11 13:16:26 [[32m    INFO[0m] Filling password
2025-10-11 13:16:26 [[32m    INFO[0m] Filling #loginPassword with: Testox7t56qty2y1!...
2025-10-11 13:16:26 [[32m    INFO[0m] Clicking Login submit button
2025-10-11 13:16:26 [[32m    INFO[0m] Clicking: #loginForm button[type='submit']
2025-10-11 13:16:26 [[32m    INFO[0m] Waiting for auth modal to close
2025-10-11 13:16:26 [[32m    INFO[0m] Waiting for #authModal to be hidden
2025-10-11 13:16:27 [[32m    INFO[0m] Login successful - modal closed
   ‚úì Login form submitted

‚úÖ STEP 4: Smart Wait - Waiting for authentication to complete
   ‚ö†Ô∏è  User display not found, trying dashboard container: Locator expected to be visible
Actual value: <element(s) not found> 
Call log:
  - LocatorAssertions.to_be_visible with timeout 15000ms
  -   - waiting for locator(".user-info")

   ‚úÖ Dashboard container visible - authentication confirmed
   ‚úÖ Auth modal hidden - login complete

================================================================================
üéâ AUTHENTICATION COMPLETE - Page ready for testing
================================================================================


‚úÖ Testing form validation
‚úì Found 14 required field indicators
[32mPASSED[0m
üßπ [authenticated_page] STEP 5: Teardown - Cleaning up session
  ‚úì Session cleared successfully

üßπ [Cleanup] Closing page fixture
  ‚úì Storage cleared
  ‚úì Page closed successfully

üßπ [Cleanup] Closing browser context and all pages
  ‚úì Context closed successfully

================================================================================
Finished test: test_settings_form_validation[chromium]
================================================================================


üõ°Ô∏è  [Safety Net] Final cleanup check
  ‚ö†Ô∏è  Error accessing page: The fixture value for "page" is not available.  This can happen when the fixture has already been torn down.
  ‚ö†Ô∏è  Error accessing context: The fixture value for "context" is not available.  This can happen when the fixture has already been torn down.

e2e_tests/test_settings.py::test_settings_help_text[chromium] 
================================================================================
Starting test: test_settings_help_text[chromium]
================================================================================

================================================================================
üîê [authenticated_page] Starting INDESTRUCTIBLE authentication setup
================================================================================

üë§ STEP 1: Creating test user via API
   Creating user: testuser_20251011_131643_1a5b
   ‚úÖ User created successfully via API (status: 201)

üßπ STEP 2: Clean Slate - Clearing all storage
   ‚úì localStorage cleared
   ‚úì sessionStorage cleared
   ‚úì Page reloaded with clean state

üîë STEP 3: UI Login - Using LoginPage object
   Logging in as: testuser_20251011_131643_1a5b

[1m-------------------------------- live log setup --------------------------------[0m
2025-10-11 13:16:44 [[32m    INFO[0m] Logging in as: testuser_20251011_131643_1a5b
2025-10-11 13:16:44 [[32m    INFO[0m] Switching to login mode
2025-10-11 13:16:44 [[32m    INFO[0m] Clicking: #loginTab
2025-10-11 13:16:44 [[32m    INFO[0m] Waiting for #loginUsername to be visible
2025-10-11 13:16:44 [[32m    INFO[0m] Filling username: testuser_20251011_131643_1a5b
2025-10-11 13:16:44 [[32m    INFO[0m] Filling #loginUsername with: testuser_20251011_13...
2025-10-11 13:16:44 [[32m    INFO[0m] Filling password
2025-10-11 13:16:44 [[32m    INFO[0m] Filling #loginPassword with: Testxublvfgsq5jg!...
2025-10-11 13:16:44 [[32m    INFO[0m] Clicking Login submit button
2025-10-11 13:16:44 [[32m    INFO[0m] Clicking: #loginForm button[type='submit']
2025-10-11 13:16:44 [[32m    INFO[0m] Waiting for auth modal to close
2025-10-11 13:16:44 [[32m    INFO[0m] Waiting for #authModal to be hidden
2025-10-11 13:16:45 [[32m    INFO[0m] Login successful - modal closed
   ‚úì Login form submitted

‚úÖ STEP 4: Smart Wait - Waiting for authentication to complete
   ‚ö†Ô∏è  User display not found, trying dashboard container: Locator expected to be visible
Actual value: <element(s) not found> 
Call log:
  - LocatorAssertions.to_be_visible with timeout 15000ms
  -   - waiting for locator(".user-info")

   ‚úÖ Dashboard container visible - authentication confirmed
   ‚úÖ Auth modal hidden - login complete

================================================================================
üéâ AUTHENTICATION COMPLETE - Page ready for testing
================================================================================


‚ùì Testing help text
‚úì Found 16 help text elements
[32mPASSED[0m
üßπ [authenticated_page] STEP 5: Teardown - Cleaning up session
  ‚úì Session cleared successfully

üßπ [Cleanup] Closing page fixture
  ‚úì Storage cleared
  ‚úì Page closed successfully

üßπ [Cleanup] Closing browser context and all pages
  ‚úì Context closed successfully

================================================================================
Finished test: test_settings_help_text[chromium]
================================================================================


üõ°Ô∏è  [Safety Net] Final cleanup check
  ‚ö†Ô∏è  Error accessing page: The fixture value for "page" is not available.  This can happen when the fixture has already been torn down.
  ‚ö†Ô∏è  Error accessing context: The fixture value for "context" is not available.  This can happen when the fixture has already been torn down.

e2e_tests/test_settings_validation.py::test_proxmox_host_validation_invalid[chromium] 
================================================================================
Starting test: test_proxmox_host_validation_invalid[chromium]
================================================================================

================================================================================
üîê [authenticated_page] Starting INDESTRUCTIBLE authentication setup
================================================================================

üë§ STEP 1: Creating test user via API
   Creating user: testuser_20251011_131701_lq5w
   ‚úÖ User created successfully via API (status: 201)

üßπ STEP 2: Clean Slate - Clearing all storage
   ‚úì localStorage cleared
   ‚úì sessionStorage cleared
   ‚úì Page reloaded with clean state

üîë STEP 3: UI Login - Using LoginPage object
   Logging in as: testuser_20251011_131701_lq5w

[1m-------------------------------- live log setup --------------------------------[0m
2025-10-11 13:17:01 [[32m    INFO[0m] Logging in as: testuser_20251011_131701_lq5w
2025-10-11 13:17:01 [[32m    INFO[0m] Switching to login mode
2025-10-11 13:17:01 [[32m    INFO[0m] Clicking: #loginTab
2025-10-11 13:17:02 [[32m    INFO[0m] Waiting for #loginUsername to be visible
2025-10-11 13:17:02 [[32m    INFO[0m] Filling username: testuser_20251011_131701_lq5w
2025-10-11 13:17:02 [[32m    INFO[0m] Filling #loginUsername with: testuser_20251011_13...
2025-10-11 13:17:02 [[32m    INFO[0m] Filling password
2025-10-11 13:17:02 [[32m    INFO[0m] Filling #loginPassword with: Testa6r28lseaco7!...
2025-10-11 13:17:02 [[32m    INFO[0m] Clicking Login submit button
2025-10-11 13:17:02 [[32m    INFO[0m] Clicking: #loginForm button[type='submit']
2025-10-11 13:17:02 [[32m    INFO[0m] Waiting for auth modal to close
2025-10-11 13:17:02 [[32m    INFO[0m] Waiting for #authModal to be hidden
2025-10-11 13:17:03 [[32m    INFO[0m] Login successful - modal closed
   ‚úì Login form submitted

‚úÖ STEP 4: Smart Wait - Waiting for authentication to complete
   ‚ö†Ô∏è  User display not found, trying dashboard container: Locator expected to be visible
Actual value: <element(s) not found> 
Call log:
  - LocatorAssertions.to_be_visible with timeout 15000ms
  -   - waiting for locator(".user-info")

   ‚úÖ Dashboard container visible - authentication confirmed
   ‚úÖ Auth modal hidden - login complete

================================================================================
üéâ AUTHENTICATION COMPLETE - Page ready for testing
================================================================================


üî¥ Testing Proxmox host validation - invalid input
‚úì Error class applied to input
‚úì Error message displayed: Invalid host (must be IP address or hostname)
[32mPASSED[0m
üßπ [authenticated_page] STEP 5: Teardown - Cleaning up session
  ‚úì Session cleared successfully

üßπ [Cleanup] Closing page fixture
  ‚úì Storage cleared
  ‚úì Page closed successfully

üßπ [Cleanup] Closing browser context and all pages
  ‚úì Context closed successfully

================================================================================
Finished test: test_proxmox_host_validation_invalid[chromium]
================================================================================


üõ°Ô∏è  [Safety Net] Final cleanup check
  ‚ö†Ô∏è  Error accessing page: The fixture value for "page" is not available.  This can happen when the fixture has already been torn down.
  ‚ö†Ô∏è  Error accessing context: The fixture value for "context" is not available.  This can happen when the fixture has already been torn down.

e2e_tests/test_settings_validation.py::test_proxmox_host_validation_valid[chromium] 
================================================================================
Starting test: test_proxmox_host_validation_valid[chromium]
================================================================================

================================================================================
üîê [authenticated_page] Starting INDESTRUCTIBLE authentication setup
================================================================================

üë§ STEP 1: Creating test user via API
   Creating user: testuser_20251011_131719_2qrp
   ‚úÖ User created successfully via API (status: 201)

üßπ STEP 2: Clean Slate - Clearing all storage
   ‚úì localStorage cleared
   ‚úì sessionStorage cleared
   ‚úì Page reloaded with clean state

üîë STEP 3: UI Login - Using LoginPage object
   Logging in as: testuser_20251011_131719_2qrp

[1m-------------------------------- live log setup --------------------------------[0m
2025-10-11 13:17:20 [[32m    INFO[0m] Logging in as: testuser_20251011_131719_2qrp
2025-10-11 13:17:20 [[32m    INFO[0m] Switching to login mode
2025-10-11 13:17:20 [[32m    INFO[0m] Clicking: #loginTab
2025-10-11 13:17:20 [[32m    INFO[0m] Waiting for #loginUsername to be visible
2025-10-11 13:17:20 [[32m    INFO[0m] Filling username: testuser_20251011_131719_2qrp
2025-10-11 13:17:20 [[32m    INFO[0m] Filling #loginUsername with: testuser_20251011_13...
2025-10-11 13:17:20 [[32m    INFO[0m] Filling password
2025-10-11 13:17:20 [[32m    INFO[0m] Filling #loginPassword with: Test8hjlaodt1m95!...
2025-10-11 13:17:20 [[32m    INFO[0m] Clicking Login submit button
2025-10-11 13:17:20 [[32m    INFO[0m] Clicking: #loginForm button[type='submit']
2025-10-11 13:17:20 [[32m    INFO[0m] Waiting for auth modal to close
2025-10-11 13:17:20 [[32m    INFO[0m] Waiting for #authModal to be hidden
2025-10-11 13:17:21 [[32m    INFO[0m] Login successful - modal closed
   ‚úì Login form submitted

‚úÖ STEP 4: Smart Wait - Waiting for authentication to complete
   ‚ö†Ô∏è  User display not found, trying dashboard container: Locator expected to be visible
Actual value: <element(s) not found> 
Call log:
  - LocatorAssertions.to_be_visible with timeout 15000ms
  -   - waiting for locator(".user-info")

   ‚úÖ Dashboard container visible - authentication confirmed
   ‚úÖ Auth modal hidden - login complete

================================================================================
üéâ AUTHENTICATION COMPLETE - Page ready for testing
================================================================================


üü¢ Testing Proxmox host validation - valid input
‚úì Success class applied to input
‚úì No error message displayed
[32mPASSED[0m
üßπ [authenticated_page] STEP 5: Teardown - Cleaning up session
  ‚úì Session cleared successfully

üßπ [Cleanup] Closing page fixture
  ‚úì Storage cleared
  ‚úì Page closed successfully

üßπ [Cleanup] Closing browser context and all pages
  ‚úì Context closed successfully

================================================================================
Finished test: test_proxmox_host_validation_valid[chromium]
================================================================================


üõ°Ô∏è  [Safety Net] Final cleanup check
  ‚ö†Ô∏è  Error accessing page: The fixture value for "page" is not available.  This can happen when the fixture has already been torn down.
  ‚ö†Ô∏è  Error accessing context: The fixture value for "context" is not available.  This can happen when the fixture has already been torn down.

e2e_tests/test_settings_validation.py::test_proxmox_port_validation[chromium] 
================================================================================
Starting test: test_proxmox_port_validation[chromium]
================================================================================

================================================================================
üîê [authenticated_page] Starting INDESTRUCTIBLE authentication setup
================================================================================

üë§ STEP 1: Creating test user via API
   Creating user: testuser_20251011_131738_x8by
   ‚úÖ User created successfully via API (status: 201)

üßπ STEP 2: Clean Slate - Clearing all storage
   ‚úì localStorage cleared
   ‚úì sessionStorage cleared
   ‚úì Page reloaded with clean state

üîë STEP 3: UI Login - Using LoginPage object
   Logging in as: testuser_20251011_131738_x8by

[1m-------------------------------- live log setup --------------------------------[0m
2025-10-11 13:17:38 [[32m    INFO[0m] Logging in as: testuser_20251011_131738_x8by
2025-10-11 13:17:38 [[32m    INFO[0m] Switching to login mode
2025-10-11 13:17:38 [[32m    INFO[0m] Clicking: #loginTab
2025-10-11 13:17:38 [[32m    INFO[0m] Waiting for #loginUsername to be visible
2025-10-11 13:17:38 [[32m    INFO[0m] Filling username: testuser_20251011_131738_x8by
2025-10-11 13:17:38 [[32m    INFO[0m] Filling #loginUsername with: testuser_20251011_13...
2025-10-11 13:17:38 [[32m    INFO[0m] Filling password
2025-10-11 13:17:38 [[32m    INFO[0m] Filling #loginPassword with: Test8ihuj6ltw7an!...
2025-10-11 13:17:38 [[32m    INFO[0m] Clicking Login submit button
2025-10-11 13:17:38 [[32m    INFO[0m] Clicking: #loginForm button[type='submit']
2025-10-11 13:17:39 [[32m    INFO[0m] Waiting for auth modal to close
2025-10-11 13:17:39 [[32m    INFO[0m] Waiting for #authModal to be hidden
2025-10-11 13:17:39 [[32m    INFO[0m] Login successful - modal closed
   ‚úì Login form submitted

‚úÖ STEP 4: Smart Wait - Waiting for authentication to complete
   ‚ö†Ô∏è  User display not found, trying dashboard container: Locator expected to be visible
Actual value: <element(s) not found> 
Call log:
  - LocatorAssertions.to_be_visible with timeout 15000ms
  -   - waiting for locator(".user-info")

   ‚úÖ Dashboard container visible - authentication confirmed
   ‚úÖ Auth modal hidden - login complete

================================================================================
üéâ AUTHENTICATION COMPLETE - Page ready for testing
================================================================================


üî¢ Testing Proxmox port validation
‚úì Invalid port (99999) shows error
‚úì Valid port (8006) shows success
[32mPASSED[0m
üßπ [authenticated_page] STEP 5: Teardown - Cleaning up session
  ‚úì Session cleared successfully

üßπ [Cleanup] Closing page fixture
  ‚úì Storage cleared
  ‚úì Page closed successfully

üßπ [Cleanup] Closing browser context and all pages
  ‚úì Context closed successfully

================================================================================
Finished test: test_proxmox_port_validation[chromium]
================================================================================


üõ°Ô∏è  [Safety Net] Final cleanup check
  ‚ö†Ô∏è  Error accessing page: The fixture value for "page" is not available.  This can happen when the fixture has already been torn down.
  ‚ö†Ô∏è  Error accessing context: The fixture value for "context" is not available.  This can happen when the fixture has already been torn down.

e2e_tests/test_settings_validation.py::test_proxmox_username_validation[chromium] 
================================================================================
Starting test: test_proxmox_username_validation[chromium]
================================================================================

================================================================================
üîê [authenticated_page] Starting INDESTRUCTIBLE authentication setup
================================================================================

üë§ STEP 1: Creating test user via API
   Creating user: testuser_20251011_131757_qiyz
   ‚úÖ User created successfully via API (status: 201)

üßπ STEP 2: Clean Slate - Clearing all storage
   ‚úì localStorage cleared
   ‚úì sessionStorage cleared
   ‚úì Page reloaded with clean state

üîë STEP 3: UI Login - Using LoginPage object
   Logging in as: testuser_20251011_131757_qiyz

[1m-------------------------------- live log setup --------------------------------[0m
2025-10-11 13:17:57 [[32m    INFO[0m] Logging in as: testuser_20251011_131757_qiyz
2025-10-11 13:17:57 [[32m    INFO[0m] Switching to login mode
2025-10-11 13:17:57 [[32m    INFO[0m] Clicking: #loginTab
2025-10-11 13:17:57 [[32m    INFO[0m] Waiting for #loginUsername to be visible
2025-10-11 13:17:57 [[32m    INFO[0m] Filling username: testuser_20251011_131757_qiyz
2025-10-11 13:17:57 [[32m    INFO[0m] Filling #loginUsername with: testuser_20251011_13...
2025-10-11 13:17:57 [[32m    INFO[0m] Filling password
2025-10-11 13:17:57 [[32m    INFO[0m] Filling #loginPassword with: Tests705eg423fut!...
2025-10-11 13:17:57 [[32m    INFO[0m] Clicking Login submit button
2025-10-11 13:17:57 [[32m    INFO[0m] Clicking: #loginForm button[type='submit']
2025-10-11 13:17:57 [[32m    INFO[0m] Waiting for auth modal to close
2025-10-11 13:17:57 [[32m    INFO[0m] Waiting for #authModal to be hidden
2025-10-11 13:17:58 [[32m    INFO[0m] Login successful - modal closed
   ‚úì Login form submitted

‚úÖ STEP 4: Smart Wait - Waiting for authentication to complete
   ‚ö†Ô∏è  User display not found, trying dashboard container: Locator expected to be visible
Actual value: <element(s) not found> 
Call log:
  - LocatorAssertions.to_be_visible with timeout 15000ms
  -   - waiting for locator(".user-info")

   ‚úÖ Dashboard container visible - authentication confirmed
   ‚úÖ Auth modal hidden - login complete

================================================================================
üéâ AUTHENTICATION COMPLETE - Page ready for testing
================================================================================


üë§ Testing Proxmox username validation
‚úì Invalid username (no @realm) shows error
‚úì Valid username (root@pam) shows success
[32mPASSED[0m
üßπ [authenticated_page] STEP 5: Teardown - Cleaning up session
  ‚úì Session cleared successfully

üßπ [Cleanup] Closing page fixture
  ‚úì Storage cleared
  ‚úì Page closed successfully

üßπ [Cleanup] Closing browser context and all pages
  ‚úì Context closed successfully

================================================================================
Finished test: test_proxmox_username_validation[chromium]
================================================================================


üõ°Ô∏è  [Safety Net] Final cleanup check
  ‚ö†Ô∏è  Error accessing page: The fixture value for "page" is not available.  This can happen when the fixture has already been torn down.
  ‚ö†Ô∏è  Error accessing context: The fixture value for "context" is not available.  This can happen when the fixture has already been torn down.

e2e_tests/test_settings_validation.py::test_network_cidr_validation[chromium] 
================================================================================
Starting test: test_network_cidr_validation[chromium]
================================================================================

================================================================================
üîê [authenticated_page] Starting INDESTRUCTIBLE authentication setup
================================================================================

üë§ STEP 1: Creating test user via API
   Creating user: testuser_20251011_131815_9wvi
   ‚úÖ User created successfully via API (status: 201)

üßπ STEP 2: Clean Slate - Clearing all storage
   ‚úì localStorage cleared
   ‚úì sessionStorage cleared
   ‚úì Page reloaded with clean state

üîë STEP 3: UI Login - Using LoginPage object
   Logging in as: testuser_20251011_131815_9wvi

[1m-------------------------------- live log setup --------------------------------[0m
2025-10-11 13:18:16 [[32m    INFO[0m] Logging in as: testuser_20251011_131815_9wvi
2025-10-11 13:18:16 [[32m    INFO[0m] Switching to login mode
2025-10-11 13:18:16 [[32m    INFO[0m] Clicking: #loginTab
2025-10-11 13:18:16 [[32m    INFO[0m] Waiting for #loginUsername to be visible
2025-10-11 13:18:16 [[32m    INFO[0m] Filling username: testuser_20251011_131815_9wvi
2025-10-11 13:18:16 [[32m    INFO[0m] Filling #loginUsername with: testuser_20251011_13...
2025-10-11 13:18:16 [[32m    INFO[0m] Filling password
2025-10-11 13:18:16 [[32m    INFO[0m] Filling #loginPassword with: Testabi2u7q9a978!...
2025-10-11 13:18:16 [[32m    INFO[0m] Clicking Login submit button
2025-10-11 13:18:16 [[32m    INFO[0m] Clicking: #loginForm button[type='submit']
2025-10-11 13:18:16 [[32m    INFO[0m] Waiting for auth modal to close
2025-10-11 13:18:16 [[32m    INFO[0m] Waiting for #authModal to be hidden
2025-10-11 13:18:17 [[32m    INFO[0m] Login successful - modal closed
   ‚úì Login form submitted

‚úÖ STEP 4: Smart Wait - Waiting for authentication to complete
   ‚ö†Ô∏è  User display not found, trying dashboard container: Locator expected to be visible
Actual value: <element(s) not found> 
Call log:
  - LocatorAssertions.to_be_visible with timeout 15000ms
  -   - waiting for locator(".user-info")

   ‚úÖ Dashboard container visible - authentication confirmed
   ‚úÖ Auth modal hidden - login complete

================================================================================
üéâ AUTHENTICATION COMPLETE - Page ready for testing
================================================================================


üåê Testing network CIDR validation
‚úì Invalid CIDR (no mask) shows error
‚úì Valid CIDR (10.20.0.0/24) shows success
[32mPASSED[0m
üßπ [authenticated_page] STEP 5: Teardown - Cleaning up session
  ‚úì Session cleared successfully

üßπ [Cleanup] Closing page fixture
  ‚úì Storage cleared
  ‚úì Page closed successfully

üßπ [Cleanup] Closing browser context and all pages
  ‚úì Context closed successfully

================================================================================
Finished test: test_network_cidr_validation[chromium]
================================================================================


üõ°Ô∏è  [Safety Net] Final cleanup check
  ‚ö†Ô∏è  Error accessing page: The fixture value for "page" is not available.  This can happen when the fixture has already been torn down.
  ‚ö†Ô∏è  Error accessing context: The fixture value for "context" is not available.  This can happen when the fixture has already been torn down.

e2e_tests/test_settings_validation.py::test_network_gateway_subnet_validation[chromium] 
================================================================================
Starting test: test_network_gateway_subnet_validation[chromium]
================================================================================

================================================================================
üîê [authenticated_page] Starting INDESTRUCTIBLE authentication setup
================================================================================

üë§ STEP 1: Creating test user via API
   Creating user: testuser_20251011_131835_zj7x
   ‚úÖ User created successfully via API (status: 201)

üßπ STEP 2: Clean Slate - Clearing all storage
   ‚úì localStorage cleared
   ‚úì sessionStorage cleared
   ‚úì Page reloaded with clean state

üîë STEP 3: UI Login - Using LoginPage object
   Logging in as: testuser_20251011_131835_zj7x

[1m-------------------------------- live log setup --------------------------------[0m
2025-10-11 13:18:36 [[32m    INFO[0m] Logging in as: testuser_20251011_131835_zj7x
2025-10-11 13:18:36 [[32m    INFO[0m] Switching to login mode
2025-10-11 13:18:36 [[32m    INFO[0m] Clicking: #loginTab
2025-10-11 13:18:36 [[32m    INFO[0m] Waiting for #loginUsername to be visible
2025-10-11 13:18:36 [[32m    INFO[0m] Filling username: testuser_20251011_131835_zj7x
2025-10-11 13:18:36 [[32m    INFO[0m] Filling #loginUsername with: testuser_20251011_13...
2025-10-11 13:18:36 [[32m    INFO[0m] Filling password
2025-10-11 13:18:36 [[32m    INFO[0m] Filling #loginPassword with: Testkmsuxhq53r76!...
2025-10-11 13:18:36 [[32m    INFO[0m] Clicking Login submit button
2025-10-11 13:18:36 [[32m    INFO[0m] Clicking: #loginForm button[type='submit']
2025-10-11 13:18:36 [[32m    INFO[0m] Waiting for auth modal to close
2025-10-11 13:18:36 [[32m    INFO[0m] Waiting for #authModal to be hidden
2025-10-11 13:18:37 [[32m    INFO[0m] Login successful - modal closed
   ‚úì Login form submitted

‚úÖ STEP 4: Smart Wait - Waiting for authentication to complete
   ‚ö†Ô∏è  User display not found, trying dashboard container: Locator expected to be visible
Actual value: <element(s) not found> 
Call log:
  - LocatorAssertions.to_be_visible with timeout 15000ms
  -   - waiting for locator(".user-info")

   ‚úÖ Dashboard container visible - authentication confirmed
   ‚úÖ Auth modal hidden - login complete

================================================================================
üéâ AUTHENTICATION COMPLETE - Page ready for testing
================================================================================


üö™ Testing gateway subnet validation
‚úì Gateway outside subnet shows error: Gateway IP must be within subnet 10.20.0.0/24
‚úì Gateway inside subnet shows success
[32mPASSED[0m
üßπ [authenticated_page] STEP 5: Teardown - Cleaning up session
  ‚úì Session cleared successfully

üßπ [Cleanup] Closing page fixture
  ‚úì Storage cleared
  ‚úì Page closed successfully

üßπ [Cleanup] Closing browser context and all pages
  ‚úì Context closed successfully

================================================================================
Finished test: test_network_gateway_subnet_validation[chromium]
================================================================================


üõ°Ô∏è  [Safety Net] Final cleanup check
  ‚ö†Ô∏è  Error accessing page: The fixture value for "page" is not available.  This can happen when the fixture has already been torn down.
  ‚ö†Ô∏è  Error accessing context: The fixture value for "context" is not available.  This can happen when the fixture has already been torn down.

e2e_tests/test_settings_validation.py::test_network_dhcp_range_validation[chromium] 
================================================================================
Starting test: test_network_dhcp_range_validation[chromium]
================================================================================

================================================================================
üîê [authenticated_page] Starting INDESTRUCTIBLE authentication setup
================================================================================

üë§ STEP 1: Creating test user via API
   Creating user: testuser_20251011_131856_cz7w
   ‚úÖ User created successfully via API (status: 201)

üßπ STEP 2: Clean Slate - Clearing all storage
   ‚úì localStorage cleared
   ‚úì sessionStorage cleared
   ‚úì Page reloaded with clean state

üîë STEP 3: UI Login - Using LoginPage object
   Logging in as: testuser_20251011_131856_cz7w

[1m-------------------------------- live log setup --------------------------------[0m
2025-10-11 13:18:56 [[32m    INFO[0m] Logging in as: testuser_20251011_131856_cz7w
2025-10-11 13:18:56 [[32m    INFO[0m] Switching to login mode
2025-10-11 13:18:56 [[32m    INFO[0m] Clicking: #loginTab
2025-10-11 13:18:56 [[32m    INFO[0m] Waiting for #loginUsername to be visible
2025-10-11 13:18:56 [[32m    INFO[0m] Filling username: testuser_20251011_131856_cz7w
2025-10-11 13:18:56 [[32m    INFO[0m] Filling #loginUsername with: testuser_20251011_13...
2025-10-11 13:18:56 [[32m    INFO[0m] Filling password
2025-10-11 13:18:56 [[32m    INFO[0m] Filling #loginPassword with: Testchov88fedbrr!...
2025-10-11 13:18:56 [[32m    INFO[0m] Clicking Login submit button
2025-10-11 13:18:56 [[32m    INFO[0m] Clicking: #loginForm button[type='submit']
2025-10-11 13:18:56 [[32m    INFO[0m] Waiting for auth modal to close
2025-10-11 13:18:56 [[32m    INFO[0m] Waiting for #authModal to be hidden
2025-10-11 13:18:57 [[32m    INFO[0m] Login successful - modal closed
   ‚úì Login form submitted

‚úÖ STEP 4: Smart Wait - Waiting for authentication to complete
   ‚ö†Ô∏è  User display not found, trying dashboard container: Locator expected to be visible
Actual value: <element(s) not found> 
Call log:
  - LocatorAssertions.to_be_visible with timeout 15000ms
  -   - waiting for locator(".user-info")

   ‚úÖ Dashboard container visible - authentication confirmed
   ‚úÖ Auth modal hidden - login complete

================================================================================
üéâ AUTHENTICATION COMPLETE - Page ready for testing
================================================================================


üìç Testing DHCP range validation
‚úì Invalid DHCP range shows error: DHCP end must be greater than DHCP start
‚úì Valid DHCP range shows success
[32mPASSED[0m
üßπ [authenticated_page] STEP 5: Teardown - Cleaning up session
  ‚úì Session cleared successfully

üßπ [Cleanup] Closing page fixture
  ‚úì Storage cleared
  ‚úì Page closed successfully

üßπ [Cleanup] Closing browser context and all pages
  ‚úì Context closed successfully

================================================================================
Finished test: test_network_dhcp_range_validation[chromium]
================================================================================


üõ°Ô∏è  [Safety Net] Final cleanup check
  ‚ö†Ô∏è  Error accessing page: The fixture value for "page" is not available.  This can happen when the fixture has already been torn down.
  ‚ö†Ô∏è  Error accessing context: The fixture value for "context" is not available.  This can happen when the fixture has already been torn down.

e2e_tests/test_settings_validation.py::test_network_dhcp_subnet_validation[chromium] 
================================================================================
Starting test: test_network_dhcp_subnet_validation[chromium]
================================================================================

================================================================================
üîê [authenticated_page] Starting INDESTRUCTIBLE authentication setup
================================================================================

üë§ STEP 1: Creating test user via API
   Creating user: testuser_20251011_131915_b3du
   ‚úÖ User created successfully via API (status: 201)

üßπ STEP 2: Clean Slate - Clearing all storage
   ‚úì localStorage cleared
   ‚úì sessionStorage cleared
   ‚úì Page reloaded with clean state

üîë STEP 3: UI Login - Using LoginPage object
   Logging in as: testuser_20251011_131915_b3du

[1m-------------------------------- live log setup --------------------------------[0m
2025-10-11 13:19:16 [[32m    INFO[0m] Logging in as: testuser_20251011_131915_b3du
2025-10-11 13:19:16 [[32m    INFO[0m] Switching to login mode
2025-10-11 13:19:16 [[32m    INFO[0m] Clicking: #loginTab
2025-10-11 13:19:16 [[32m    INFO[0m] Waiting for #loginUsername to be visible
2025-10-11 13:19:16 [[32m    INFO[0m] Filling username: testuser_20251011_131915_b3du
2025-10-11 13:19:16 [[32m    INFO[0m] Filling #loginUsername with: testuser_20251011_13...
2025-10-11 13:19:16 [[32m    INFO[0m] Filling password
2025-10-11 13:19:16 [[32m    INFO[0m] Filling #loginPassword with: Test4af4appge8u3!...
2025-10-11 13:19:16 [[32m    INFO[0m] Clicking Login submit button
2025-10-11 13:19:16 [[32m    INFO[0m] Clicking: #loginForm button[type='submit']
2025-10-11 13:19:16 [[32m    INFO[0m] Waiting for auth modal to close
2025-10-11 13:19:16 [[32m    INFO[0m] Waiting for #authModal to be hidden
2025-10-11 13:19:17 [[32m    INFO[0m] Login successful - modal closed
   ‚úì Login form submitted

‚úÖ STEP 4: Smart Wait - Waiting for authentication to complete
   ‚ö†Ô∏è  User display not found, trying dashboard container: Locator expected to be visible
Actual value: <element(s) not found> 
Call log:
  - LocatorAssertions.to_be_visible with timeout 15000ms
  -   - waiting for locator(".user-info")

   ‚úÖ Dashboard container visible - authentication confirmed
   ‚úÖ Auth modal hidden - login complete

================================================================================
üéâ AUTHENTICATION COMPLETE - Page ready for testing
================================================================================


üéØ Testing DHCP subnet validation
‚úì DHCP start outside subnet shows error: DHCP start must be within subnet 10.20.0.0/24
[32mPASSED[0m
üßπ [authenticated_page] STEP 5: Teardown - Cleaning up session
  ‚úì Session cleared successfully

üßπ [Cleanup] Closing page fixture
  ‚úì Storage cleared
  ‚úì Page closed successfully

üßπ [Cleanup] Closing browser context and all pages
  ‚úì Context closed successfully

================================================================================
Finished test: test_network_dhcp_subnet_validation[chromium]
================================================================================


üõ°Ô∏è  [Safety Net] Final cleanup check
  ‚ö†Ô∏è  Error accessing page: The fixture value for "page" is not available.  This can happen when the fixture has already been torn down.
  ‚ö†Ô∏è  Error accessing context: The fixture value for "context" is not available.  This can happen when the fixture has already been torn down.

e2e_tests/test_settings_validation.py::test_resources_positive_integer_validation[chromium] 
================================================================================
Starting test: test_resources_positive_integer_validation[chromium]
================================================================================

================================================================================
üîê [authenticated_page] Starting INDESTRUCTIBLE authentication setup
================================================================================

üë§ STEP 1: Creating test user via API
   Creating user: testuser_20251011_131935_bxq4
   ‚úÖ User created successfully via API (status: 201)

üßπ STEP 2: Clean Slate - Clearing all storage
   ‚úì localStorage cleared
   ‚úì sessionStorage cleared
   ‚úì Page reloaded with clean state

üîë STEP 3: UI Login - Using LoginPage object
   Logging in as: testuser_20251011_131935_bxq4

[1m-------------------------------- live log setup --------------------------------[0m
2025-10-11 13:19:35 [[32m    INFO[0m] Logging in as: testuser_20251011_131935_bxq4
2025-10-11 13:19:35 [[32m    INFO[0m] Switching to login mode
2025-10-11 13:19:35 [[32m    INFO[0m] Clicking: #loginTab
2025-10-11 13:19:36 [[32m    INFO[0m] Waiting for #loginUsername to be visible
2025-10-11 13:19:36 [[32m    INFO[0m] Filling username: testuser_20251011_131935_bxq4
2025-10-11 13:19:36 [[32m    INFO[0m] Filling #loginUsername with: testuser_20251011_13...
2025-10-11 13:19:36 [[32m    INFO[0m] Filling password
2025-10-11 13:19:36 [[32m    INFO[0m] Filling #loginPassword with: Test9wy13bd6edzq!...
2025-10-11 13:19:36 [[32m    INFO[0m] Clicking Login submit button
2025-10-11 13:19:36 [[32m    INFO[0m] Clicking: #loginForm button[type='submit']
2025-10-11 13:19:36 [[32m    INFO[0m] Waiting for auth modal to close
2025-10-11 13:19:36 [[32m    INFO[0m] Waiting for #authModal to be hidden
2025-10-11 13:19:37 [[32m    INFO[0m] Login successful - modal closed
   ‚úì Login form submitted

‚úÖ STEP 4: Smart Wait - Waiting for authentication to complete
   ‚ö†Ô∏è  User display not found, trying dashboard container: Locator expected to be visible
Actual value: <element(s) not found> 
Call log:
  - LocatorAssertions.to_be_visible with timeout 15000ms
  -   - waiting for locator(".user-info")

   ‚úÖ Dashboard container visible - authentication confirmed
   ‚úÖ Auth modal hidden - login complete

================================================================================
üéâ AUTHENTICATION COMPLETE - Page ready for testing
================================================================================


‚ûï Testing resource positive integer validation
‚úì Negative value shows error
‚úì Zero value shows error
‚úì Positive value shows success
[32mPASSED[0m
üßπ [authenticated_page] STEP 5: Teardown - Cleaning up session
  ‚úì Session cleared successfully

üßπ [Cleanup] Closing page fixture
  ‚úì Storage cleared
  ‚úì Page closed successfully

üßπ [Cleanup] Closing browser context and all pages
  ‚úì Context closed successfully

================================================================================
Finished test: test_resources_positive_integer_validation[chromium]
================================================================================


üõ°Ô∏è  [Safety Net] Final cleanup check
  ‚ö†Ô∏è  Error accessing page: The fixture value for "page" is not available.  This can happen when the fixture has already been torn down.
  ‚ö†Ô∏è  Error accessing context: The fixture value for "context" is not available.  This can happen when the fixture has already been torn down.

e2e_tests/test_settings_validation.py::test_required_field_validation[chromium] 
================================================================================
Starting test: test_required_field_validation[chromium]
================================================================================

================================================================================
üîê [authenticated_page] Starting INDESTRUCTIBLE authentication setup
================================================================================

üë§ STEP 1: Creating test user via API
   Creating user: testuser_20251011_131956_p4qv
   ‚úÖ User created successfully via API (status: 201)

üßπ STEP 2: Clean Slate - Clearing all storage
   ‚úì localStorage cleared
   ‚úì sessionStorage cleared
   ‚úì Page reloaded with clean state

üîë STEP 3: UI Login - Using LoginPage object
   Logging in as: testuser_20251011_131956_p4qv

[1m-------------------------------- live log setup --------------------------------[0m
2025-10-11 13:19:56 [[32m    INFO[0m] Logging in as: testuser_20251011_131956_p4qv
2025-10-11 13:19:56 [[32m    INFO[0m] Switching to login mode
2025-10-11 13:19:56 [[32m    INFO[0m] Clicking: #loginTab
2025-10-11 13:19:56 [[32m    INFO[0m] Waiting for #loginUsername to be visible
2025-10-11 13:19:56 [[32m    INFO[0m] Filling username: testuser_20251011_131956_p4qv
2025-10-11 13:19:56 [[32m    INFO[0m] Filling #loginUsername with: testuser_20251011_13...
2025-10-11 13:19:56 [[32m    INFO[0m] Filling password
2025-10-11 13:19:56 [[32m    INFO[0m] Filling #loginPassword with: Test4ylbz3hndvst!...
2025-10-11 13:19:56 [[32m    INFO[0m] Clicking Login submit button
2025-10-11 13:19:56 [[32m    INFO[0m] Clicking: #loginForm button[type='submit']
2025-10-11 13:19:56 [[32m    INFO[0m] Waiting for auth modal to close
2025-10-11 13:19:56 [[32m    INFO[0m] Waiting for #authModal to be hidden
2025-10-11 13:19:57 [[32m    INFO[0m] Login successful - modal closed
   ‚úì Login form submitted

‚úÖ STEP 4: Smart Wait - Waiting for authentication to complete
   ‚ö†Ô∏è  User display not found, trying dashboard container: Locator expected to be visible
Actual value: <element(s) not found> 
Call log:
  - LocatorAssertions.to_be_visible with timeout 15000ms
  -   - waiting for locator(".user-info")

   ‚úÖ Dashboard container visible - authentication confirmed
   ‚úÖ Auth modal hidden - login complete

================================================================================
üéâ AUTHENTICATION COMPLETE - Page ready for testing
================================================================================


üìù Testing required field validation
‚úì Empty required field shows error: This field is required
‚úì Filled required field shows success
[32mPASSED[0m
üßπ [authenticated_page] STEP 5: Teardown - Cleaning up session
  ‚úì Session cleared successfully

üßπ [Cleanup] Closing page fixture
  ‚úì Storage cleared
  ‚úì Page closed successfully

üßπ [Cleanup] Closing browser context and all pages
  ‚úì Context closed successfully

================================================================================
Finished test: test_required_field_validation[chromium]
================================================================================


üõ°Ô∏è  [Safety Net] Final cleanup check
  ‚ö†Ô∏è  Error accessing page: The fixture value for "page" is not available.  This can happen when the fixture has already been torn down.
  ‚ö†Ô∏è  Error accessing context: The fixture value for "context" is not available.  This can happen when the fixture has already been torn down.

e2e_tests/test_settings_validation.py::test_real_time_validation_on_input[chromium] 
================================================================================
Starting test: test_real_time_validation_on_input[chromium]
================================================================================

================================================================================
üîê [authenticated_page] Starting INDESTRUCTIBLE authentication setup
================================================================================

üë§ STEP 1: Creating test user via API
   Creating user: testuser_20251011_132014_2c9p
   ‚úÖ User created successfully via API (status: 201)

üßπ STEP 2: Clean Slate - Clearing all storage
   ‚úì localStorage cleared
   ‚úì sessionStorage cleared
   ‚úì Page reloaded with clean state

üîë STEP 3: UI Login - Using LoginPage object
   Logging in as: testuser_20251011_132014_2c9p

[1m-------------------------------- live log setup --------------------------------[0m
2025-10-11 13:20:15 [[32m    INFO[0m] Logging in as: testuser_20251011_132014_2c9p
2025-10-11 13:20:15 [[32m    INFO[0m] Switching to login mode
2025-10-11 13:20:15 [[32m    INFO[0m] Clicking: #loginTab
2025-10-11 13:20:15 [[32m    INFO[0m] Waiting for #loginUsername to be visible
2025-10-11 13:20:15 [[32m    INFO[0m] Filling username: testuser_20251011_132014_2c9p
2025-10-11 13:20:15 [[32m    INFO[0m] Filling #loginUsername with: testuser_20251011_13...
2025-10-11 13:20:15 [[32m    INFO[0m] Filling password
2025-10-11 13:20:15 [[32m    INFO[0m] Filling #loginPassword with: Testidc6dnwvqhg5!...
2025-10-11 13:20:15 [[32m    INFO[0m] Clicking Login submit button
2025-10-11 13:20:15 [[32m    INFO[0m] Clicking: #loginForm button[type='submit']
2025-10-11 13:20:15 [[32m    INFO[0m] Waiting for auth modal to close
2025-10-11 13:20:15 [[32m    INFO[0m] Waiting for #authModal to be hidden
2025-10-11 13:20:16 [[32m    INFO[0m] Login successful - modal closed
   ‚úì Login form submitted

‚úÖ STEP 4: Smart Wait - Waiting for authentication to complete
   ‚ö†Ô∏è  User display not found, trying dashboard container: Locator expected to be visible
Actual value: <element(s) not found> 
Call log:
  - LocatorAssertions.to_be_visible with timeout 15000ms
  -   - waiting for locator(".user-info")

   ‚úÖ Dashboard container visible - authentication confirmed
   ‚úÖ Auth modal hidden - login complete

================================================================================
üéâ AUTHENTICATION COMPLETE - Page ready for testing
================================================================================


‚å®Ô∏è  Testing real-time validation during input
‚úì Initial error state set
[31mFAILED[0m
üßπ [authenticated_page] STEP 5: Teardown - Cleaning up session
  ‚úì Session cleared successfully

üßπ [Cleanup] Closing page fixture
  ‚úì Storage cleared
  ‚úì Page closed successfully

üßπ [Cleanup] Closing browser context and all pages
  ‚úì Context closed successfully

================================================================================
Finished test: test_real_time_validation_on_input[chromium]
================================================================================


üõ°Ô∏è  [Safety Net] Final cleanup check
  ‚ö†Ô∏è  Error accessing page: The fixture value for "page" is not available.  This can happen when the fixture has already been torn down.
  ‚ö†Ô∏è  Error accessing context: The fixture value for "context" is not available.  This can happen when the fixture has already been torn down.

e2e_tests/test_settings_validation.py::test_validation_clears_on_focus[chromium] 
================================================================================
Starting test: test_validation_clears_on_focus[chromium]
================================================================================

================================================================================
üîê [authenticated_page] Starting INDESTRUCTIBLE authentication setup
================================================================================

üë§ STEP 1: Creating test user via API
   Creating user: testuser_20251011_132033_hq8w
   ‚úÖ User created successfully via API (status: 201)

üßπ STEP 2: Clean Slate - Clearing all storage
   ‚úì localStorage cleared
   ‚úì sessionStorage cleared
   ‚úì Page reloaded with clean state

üîë STEP 3: UI Login - Using LoginPage object
   Logging in as: testuser_20251011_132033_hq8w

[1m-------------------------------- live log setup --------------------------------[0m
2025-10-11 13:20:34 [[32m    INFO[0m] Logging in as: testuser_20251011_132033_hq8w
2025-10-11 13:20:34 [[32m    INFO[0m] Switching to login mode
2025-10-11 13:20:34 [[32m    INFO[0m] Clicking: #loginTab
2025-10-11 13:20:34 [[32m    INFO[0m] Waiting for #loginUsername to be visible
2025-10-11 13:20:34 [[32m    INFO[0m] Filling username: testuser_20251011_132033_hq8w
2025-10-11 13:20:34 [[32m    INFO[0m] Filling #loginUsername with: testuser_20251011_13...
2025-10-11 13:20:34 [[32m    INFO[0m] Filling password
2025-10-11 13:20:34 [[32m    INFO[0m] Filling #loginPassword with: Testsk5unpmjf3n3!...
2025-10-11 13:20:34 [[32m    INFO[0m] Clicking Login submit button
2025-10-11 13:20:34 [[32m    INFO[0m] Clicking: #loginForm button[type='submit']
2025-10-11 13:20:34 [[32m    INFO[0m] Waiting for auth modal to close
2025-10-11 13:20:34 [[32m    INFO[0m] Waiting for #authModal to be hidden
2025-10-11 13:20:35 [[32m    INFO[0m] Login successful - modal closed
   ‚úì Login form submitted

‚úÖ STEP 4: Smart Wait - Waiting for authentication to complete
   ‚ö†Ô∏è  User display not found, trying dashboard container: Locator expected to be visible
Actual value: <element(s) not found> 
Call log:
  - LocatorAssertions.to_be_visible with timeout 15000ms
  -   - waiting for locator(".user-info")

   ‚úÖ Dashboard container visible - authentication confirmed
   ‚úÖ Auth modal hidden - login complete

================================================================================
üéâ AUTHENTICATION COMPLETE - Page ready for testing
================================================================================


üéØ Testing validation clears on focus
[31mFAILED[0m
üßπ [authenticated_page] STEP 5: Teardown - Cleaning up session
  ‚úì Session cleared successfully

üßπ [Cleanup] Closing page fixture
  ‚úì Storage cleared
  ‚úì Page closed successfully

üßπ [Cleanup] Closing browser context and all pages
  ‚úì Context closed successfully

================================================================================
Finished test: test_validation_clears_on_focus[chromium]
================================================================================


üõ°Ô∏è  [Safety Net] Final cleanup check
  ‚ö†Ô∏è  Error accessing page: The fixture value for "page" is not available.  This can happen when the fixture has already been torn down.
  ‚ö†Ô∏è  Error accessing context: The fixture value for "context" is not available.  This can happen when the fixture has already been torn down.

e2e_tests/test_settings_validation.py::test_form_submission_prevented_with_errors[chromium] 
================================================================================
Starting test: test_form_submission_prevented_with_errors[chromium]
================================================================================

================================================================================
üîê [authenticated_page] Starting INDESTRUCTIBLE authentication setup
================================================================================

üë§ STEP 1: Creating test user via API
   Creating user: testuser_20251011_132052_3xk2
   ‚úÖ User created successfully via API (status: 201)

üßπ STEP 2: Clean Slate - Clearing all storage
   ‚úì localStorage cleared
   ‚úì sessionStorage cleared
   ‚úì Page reloaded with clean state

üîë STEP 3: UI Login - Using LoginPage object
   Logging in as: testuser_20251011_132052_3xk2

[1m-------------------------------- live log setup --------------------------------[0m
2025-10-11 13:20:52 [[32m    INFO[0m] Logging in as: testuser_20251011_132052_3xk2
2025-10-11 13:20:52 [[32m    INFO[0m] Switching to login mode
2025-10-11 13:20:52 [[32m    INFO[0m] Clicking: #loginTab
2025-10-11 13:20:52 [[32m    INFO[0m] Waiting for #loginUsername to be visible
2025-10-11 13:20:52 [[32m    INFO[0m] Filling username: testuser_20251011_132052_3xk2
2025-10-11 13:20:52 [[32m    INFO[0m] Filling #loginUsername with: testuser_20251011_13...
2025-10-11 13:20:52 [[32m    INFO[0m] Filling password
2025-10-11 13:20:52 [[32m    INFO[0m] Filling #loginPassword with: Testkb9psus7np0m!...
2025-10-11 13:20:52 [[32m    INFO[0m] Clicking Login submit button
2025-10-11 13:20:52 [[32m    INFO[0m] Clicking: #loginForm button[type='submit']
2025-10-11 13:20:52 [[32m    INFO[0m] Waiting for auth modal to close
2025-10-11 13:20:52 [[32m    INFO[0m] Waiting for #authModal to be hidden
2025-10-11 13:20:53 [[32m    INFO[0m] Login successful - modal closed
   ‚úì Login form submitted

‚úÖ STEP 4: Smart Wait - Waiting for authentication to complete
   ‚ö†Ô∏è  User display not found, trying dashboard container: Locator expected to be visible
Actual value: <element(s) not found> 
Call log:
  - LocatorAssertions.to_be_visible with timeout 15000ms
  -   - waiting for locator(".user-info")

   ‚úÖ Dashboard container visible - authentication confirmed
   ‚úÖ Auth modal hidden - login complete

================================================================================
üéâ AUTHENTICATION COMPLETE - Page ready for testing
================================================================================


üö´ Testing form submission prevention
‚úì Attempted submit with invalid data
‚úì All fields validated successfully
[32mPASSED[0m
üßπ [authenticated_page] STEP 5: Teardown - Cleaning up session
  ‚úì Session cleared successfully

üßπ [Cleanup] Closing page fixture
  ‚úì Storage cleared
  ‚úì Page closed successfully

üßπ [Cleanup] Closing browser context and all pages
  ‚úì Context closed successfully

================================================================================
Finished test: test_form_submission_prevented_with_errors[chromium]
================================================================================


üõ°Ô∏è  [Safety Net] Final cleanup check
  ‚ö†Ô∏è  Error accessing page: The fixture value for "page" is not available.  This can happen when the fixture has already been torn down.
  ‚ö†Ô∏è  Error accessing context: The fixture value for "context" is not available.  This can happen when the fixture has already been torn down.

e2e_tests/test_settings_validation.py::test_multiple_validation_errors_displayed[chromium] 
================================================================================
Starting test: test_multiple_validation_errors_displayed[chromium]
================================================================================

================================================================================
üîê [authenticated_page] Starting INDESTRUCTIBLE authentication setup
================================================================================

üë§ STEP 1: Creating test user via API
   Creating user: testuser_20251011_132113_04vx
   ‚úÖ User created successfully via API (status: 201)

üßπ STEP 2: Clean Slate - Clearing all storage
   ‚úì localStorage cleared
   ‚úì sessionStorage cleared
   ‚úì Page reloaded with clean state

üîë STEP 3: UI Login - Using LoginPage object
   Logging in as: testuser_20251011_132113_04vx

[1m-------------------------------- live log setup --------------------------------[0m
2025-10-11 13:21:13 [[32m    INFO[0m] Logging in as: testuser_20251011_132113_04vx
2025-10-11 13:21:13 [[32m    INFO[0m] Switching to login mode
2025-10-11 13:21:13 [[32m    INFO[0m] Clicking: #loginTab
2025-10-11 13:21:13 [[32m    INFO[0m] Waiting for #loginUsername to be visible
2025-10-11 13:21:13 [[32m    INFO[0m] Filling username: testuser_20251011_132113_04vx
2025-10-11 13:21:13 [[32m    INFO[0m] Filling #loginUsername with: testuser_20251011_13...
2025-10-11 13:21:13 [[32m    INFO[0m] Filling password
2025-10-11 13:21:13 [[32m    INFO[0m] Filling #loginPassword with: Testtrpyymo1jpdi!...
2025-10-11 13:21:13 [[32m    INFO[0m] Clicking Login submit button
2025-10-11 13:21:13 [[32m    INFO[0m] Clicking: #loginForm button[type='submit']
2025-10-11 13:21:13 [[32m    INFO[0m] Waiting for auth modal to close
2025-10-11 13:21:13 [[32m    INFO[0m] Waiting for #authModal to be hidden
2025-10-11 13:21:14 [[32m    INFO[0m] Login successful - modal closed
   ‚úì Login form submitted

‚úÖ STEP 4: Smart Wait - Waiting for authentication to complete
   ‚ö†Ô∏è  User display not found, trying dashboard container: Locator expected to be visible
Actual value: <element(s) not found> 
Call log:
  - LocatorAssertions.to_be_visible with timeout 15000ms
  -   - waiting for locator(".user-info")

   ‚úÖ Dashboard container visible - authentication confirmed
   ‚úÖ Auth modal hidden - login complete

================================================================================
üéâ AUTHENTICATION COMPLETE - Page ready for testing
================================================================================


üìã Testing multiple validation errors
‚úì 3 error messages displayed simultaneously
[32mPASSED[0m
üßπ [authenticated_page] STEP 5: Teardown - Cleaning up session
  ‚úì Session cleared successfully

üßπ [Cleanup] Closing page fixture
  ‚úì Storage cleared
  ‚úì Page closed successfully

üßπ [Cleanup] Closing browser context and all pages
  ‚úì Context closed successfully

================================================================================
Finished test: test_multiple_validation_errors_displayed[chromium]
================================================================================


üõ°Ô∏è  [Safety Net] Final cleanup check
  ‚ö†Ô∏è  Error accessing page: The fixture value for "page" is not available.  This can happen when the fixture has already been torn down.
  ‚ö†Ô∏è  Error accessing context: The fixture value for "context" is not available.  This can happen when the fixture has already been torn down.


=================================== FAILURES ===================================
[31m[1m_________________ test_real_time_validation_on_input[chromium] _________________[0m
[1m[31me2e_tests/test_settings_validation.py[0m:493: in test_real_time_validation_on_input
    [0m[94massert[39;49;00m [33m"[39;49;00m[33merror[39;49;00m[33m"[39;49;00m [95min[39;49;00m host_classes[90m[39;49;00m
[1m[31mE   AssertionError: assert 'error' in 'form-input'[0m
------------------------------ Captured log setup ------------------------------
[32mINFO    [0m pages.login_page:login_page.py:226 Logging in as: testuser_20251011_132014_2c9p
[32mINFO    [0m pages.login_page:login_page.py:137 Switching to login mode
[32mINFO    [0m pages.base_page:base_page.py:88 Clicking: #loginTab
[32mINFO    [0m pages.base_page:base_page.py:164 Waiting for #loginUsername to be visible
[32mINFO    [0m pages.login_page:login_page.py:157 Filling username: testuser_20251011_132014_2c9p
[32mINFO    [0m pages.base_page:base_page.py:100 Filling #loginUsername with: testuser_20251011_13...
[32mINFO    [0m pages.login_page:login_page.py:179 Filling password
[32mINFO    [0m pages.base_page:base_page.py:100 Filling #loginPassword with: Testidc6dnwvqhg5!...
[32mINFO    [0m pages.login_page:login_page.py:205 Clicking Login submit button
[32mINFO    [0m pages.base_page:base_page.py:88 Clicking: #loginForm button[type='submit']
[32mINFO    [0m pages.login_page:login_page.py:114 Waiting for auth modal to close
[32mINFO    [0m pages.base_page:base_page.py:164 Waiting for #authModal to be hidden
[32mINFO    [0m pages.login_page:login_page.py:241 Login successful - modal closed
[31m[1m__________________ test_validation_clears_on_focus[chromium] ___________________[0m
[1m[31me2e_tests/test_settings_validation.py[0m:528: in test_validation_clears_on_focus
    [0m[94massert[39;49;00m [33m"[39;49;00m[33merror[39;49;00m[33m"[39;49;00m [95min[39;49;00m host_classes[90m[39;49;00m
[1m[31mE   AssertionError: assert 'error' in 'form-input success'[0m
------------------------------ Captured log setup ------------------------------
[32mINFO    [0m pages.login_page:login_page.py:226 Logging in as: testuser_20251011_132033_hq8w
[32mINFO    [0m pages.login_page:login_page.py:137 Switching to login mode
[32mINFO    [0m pages.base_page:base_page.py:88 Clicking: #loginTab
[32mINFO    [0m pages.base_page:base_page.py:164 Waiting for #loginUsername to be visible
[32mINFO    [0m pages.login_page:login_page.py:157 Filling username: testuser_20251011_132033_hq8w
[32mINFO    [0m pages.base_page:base_page.py:100 Filling #loginUsername with: testuser_20251011_13...
[32mINFO    [0m pages.login_page:login_page.py:179 Filling password
[32mINFO    [0m pages.base_page:base_page.py:100 Filling #loginPassword with: Testsk5unpmjf3n3!...
[32mINFO    [0m pages.login_page:login_page.py:205 Clicking Login submit button
[32mINFO    [0m pages.base_page:base_page.py:88 Clicking: #loginForm button[type='submit']
[32mINFO    [0m pages.login_page:login_page.py:114 Waiting for auth modal to close
[32mINFO    [0m pages.base_page:base_page.py:164 Waiting for #authModal to be hidden
[32mINFO    [0m pages.login_page:login_page.py:241 Login successful - modal closed
[36m[1m=========================== short test summary info ============================[0m
[31mFAILED[0m e2e_tests/test_settings_validation.py::[1mtest_real_time_validation_on_input[chromium][0m - AssertionError: assert 'error' in 'form-input'
[31mFAILED[0m e2e_tests/test_settings_validation.py::[1mtest_validation_clears_on_focus[chromium][0m - AssertionError: assert 'error' in 'form-input success'
[31m======= [31m[1m2 failed[0m, [32m22 passed[0m, [33m1 skipped[0m, [33m3 warnings[0m[31m in 461.07s (0:07:41)[0m[31m ========[0m
